2019-07-29 14:10:28, INFO: Current git head hash code: c269e14235ecc8e765a2513ec0335588bee91111
2019-07-29 14:10:28, INFO: Using device: cpu
2019-07-29 14:10:28, INFO: Policy: CADRL without occupancy map
2019-07-29 14:10:28, INFO: human number: 5
2019-07-29 14:10:28, INFO: Not randomize human's radius and preferred speed
2019-07-29 14:10:28, INFO: Training simulation: circle_crossing, test simulation: circle_crossing
2019-07-29 14:10:28, INFO: Square width: 10.0, circle width: 4.0
2019-07-29 14:10:28, INFO: Current learning rate: 0.010000
2019-07-29 14:10:29, INFO: TRAIN has success rate: 1.00, collision rate: 0.00, nav time: 9.42, total reward: 0.3778
2019-07-29 14:10:30, INFO: Finish imitation learning. Weights saved.
2019-07-29 14:10:30, INFO: Experience set size: 100/100
2019-07-29 14:10:30, INFO: Agent is invisible and has holonomic kinematic constraint
2019-07-29 14:10:30, INFO: Current learning rate: 0.001000
2019-07-29 14:10:42, INFO: TRAIN in episode 0 has success rate: 0.00, collision rate: 0.00, nav time: 25.00, total reward: 0.0000
2019-07-29 14:10:51, INFO: TRAIN in episode 1 has success rate: 0.00, collision rate: 0.00, nav time: 25.00, total reward: -0.0002
2019-07-29 14:11:00, INFO: TRAIN in episode 2 has success rate: 0.00, collision rate: 0.00, nav time: 25.00, total reward: 0.0000
2019-07-29 14:11:11, INFO: TRAIN in episode 3 has success rate: 1.00, collision rate: 0.00, nav time: 17.40, total reward: 0.1616
2019-07-29 14:11:22, INFO: TRAIN in episode 4 has success rate: 0.00, collision rate: 0.00, nav time: 25.00, total reward: 0.0000
2019-07-29 14:11:35, INFO: TRAIN in episode 5 has success rate: 0.00, collision rate: 0.00, nav time: 25.00, total reward: 0.0000
2019-07-29 14:11:53, INFO: TRAIN in episode 6 has success rate: 0.00, collision rate: 0.00, nav time: 25.00, total reward: 0.0000
2019-07-29 14:12:12, INFO: TRAIN in episode 7 has success rate: 1.00, collision rate: 0.00, nav time: 20.30, total reward: 0.1190
2019-07-29 14:12:33, INFO: TRAIN in episode 8 has success rate: 0.00, collision rate: 0.00, nav time: 25.00, total reward: 0.0000
2019-07-29 14:12:46, INFO: TRAIN in episode 9 has success rate: 0.00, collision rate: 0.00, nav time: 25.00, total reward: -0.0055
2019-07-29 14:19:16, INFO: TEST  in episode 10 has success rate: 0.00, collision rate: 0.10, nav time: 25.00, total reward: -0.0440
2019-07-29 14:19:16, INFO: Frequency of being in danger: 1.56 and average min separate distance in danger: 0.03
2019-07-29 14:19:16, INFO: Current git head hash code: c269e14235ecc8e765a2513ec0335588bee91111
2019-07-29 14:19:16, INFO: Using device: cpu
2019-07-29 14:19:16, INFO: Policy: CADRL without occupancy map
2019-07-29 14:19:16, INFO: human number: 5
2019-07-29 14:19:16, INFO: Not randomize human's radius and preferred speed
2019-07-29 14:19:16, INFO: Training simulation: circle_crossing, test simulation: circle_crossing
2019-07-29 14:19:16, INFO: Square width: 10.0, circle width: 4.0
2019-07-29 14:19:16, INFO: Current learning rate: 0.010000
2019-07-29 14:19:17, INFO: TRAIN has success rate: 1.00, collision rate: 0.00, nav time: 9.45, total reward: 0.3789
2019-07-29 14:19:17, INFO: Finish imitation learning. Weights saved.
2019-07-29 14:19:17, INFO: Experience set size: 100/100
2019-07-29 14:19:17, INFO: Agent is invisible and has holonomic kinematic constraint
2019-07-29 14:19:17, INFO: Current learning rate: 0.001000
2019-07-29 14:19:27, INFO: TRAIN in episode 0 has success rate: 0.00, collision rate: 0.00, nav time: 25.00, total reward: 0.0000
2019-07-29 14:19:31, INFO: TRAIN in episode 1 has success rate: 0.00, collision rate: 0.00, nav time: 25.00, total reward: 0.0000
2019-07-29 14:19:37, INFO: TRAIN in episode 2 has success rate: 0.00, collision rate: 0.00, nav time: 25.00, total reward: 0.0000
2019-07-29 14:19:42, INFO: TRAIN in episode 3 has success rate: 1.00, collision rate: 0.00, nav time: 19.05, total reward: 0.1365
2019-07-29 14:19:49, INFO: TRAIN in episode 4 has success rate: 1.00, collision rate: 0.00, nav time: 22.20, total reward: 0.0980
2019-07-29 14:19:55, INFO: TRAIN in episode 5 has success rate: 1.00, collision rate: 0.00, nav time: 18.90, total reward: 0.1387
2019-07-29 14:20:02, INFO: TRAIN in episode 6 has success rate: 0.00, collision rate: 0.00, nav time: 25.00, total reward: 0.0000
2019-07-29 14:20:08, INFO: TRAIN in episode 7 has success rate: 1.00, collision rate: 0.00, nav time: 19.80, total reward: 0.1261
2019-07-29 14:20:15, INFO: TRAIN in episode 8 has success rate: 0.00, collision rate: 0.00, nav time: 25.00, total reward: 0.0000
2019-07-29 14:20:23, INFO: TRAIN in episode 9 has success rate: 0.00, collision rate: 0.00, nav time: 25.00, total reward: 0.0000
2019-07-29 14:24:20, INFO: TEST  in episode 10 has success rate: 0.10, collision rate: 0.00, nav time: 19.87, total reward: 0.0121
2019-07-29 14:24:20, INFO: Frequency of being in danger: 0.16 and average min separate distance in danger: 0.19
2019-07-29 14:24:20, INFO: Current git head hash code: c269e14235ecc8e765a2513ec0335588bee91111
2019-07-29 14:24:20, INFO: Using device: cpu
2019-07-29 14:24:20, INFO: Policy: CADRL without occupancy map
2019-07-29 14:24:20, INFO: human number: 5
2019-07-29 14:24:20, INFO: Not randomize human's radius and preferred speed
2019-07-29 14:24:20, INFO: Training simulation: circle_crossing, test simulation: circle_crossing
2019-07-29 14:24:20, INFO: Square width: 10.0, circle width: 4.0
2019-07-29 14:24:20, INFO: Current learning rate: 0.010000
2019-07-29 14:24:21, INFO: TRAIN has success rate: 1.00, collision rate: 0.00, nav time: 9.48, total reward: 0.3796
2019-07-29 14:24:21, INFO: Finish imitation learning. Weights saved.
2019-07-29 14:24:21, INFO: Experience set size: 100/100
2019-07-29 14:24:21, INFO: Agent is invisible and has holonomic kinematic constraint
2019-07-29 14:24:21, INFO: Current learning rate: 0.001000
2019-07-29 14:24:22, INFO: TRAIN in episode 0 has success rate: 0.00, collision rate: 1.00, nav time: 25.00, total reward: -0.1498
2019-07-29 14:24:24, INFO: TRAIN in episode 1 has success rate: 1.00, collision rate: 0.00, nav time: 17.00, total reward: 0.1703
2019-07-29 14:24:25, INFO: TRAIN in episode 2 has success rate: 0.00, collision rate: 1.00, nav time: 25.00, total reward: -0.1600
2019-07-29 14:24:27, INFO: TRAIN in episode 3 has success rate: 1.00, collision rate: 0.00, nav time: 11.20, total reward: 0.2375
2019-07-29 14:24:29, INFO: TRAIN in episode 4 has success rate: 1.00, collision rate: 0.00, nav time: 8.60, total reward: 0.4127
2019-07-29 14:24:32, INFO: TRAIN in episode 5 has success rate: 1.00, collision rate: 0.00, nav time: 8.60, total reward: 0.4127
2019-07-29 14:24:33, INFO: TRAIN in episode 6 has success rate: 0.00, collision rate: 1.00, nav time: 25.00, total reward: -0.1918
2019-07-29 14:24:34, INFO: TRAIN in episode 7 has success rate: 0.00, collision rate: 1.00, nav time: 25.00, total reward: -0.1793
2019-07-29 14:24:36, INFO: TRAIN in episode 8 has success rate: 0.00, collision rate: 1.00, nav time: 25.00, total reward: -0.1893
2019-07-29 14:24:38, INFO: TRAIN in episode 9 has success rate: 1.00, collision rate: 0.00, nav time: 9.80, total reward: 0.2664
2019-07-29 14:25:22, INFO: TEST  in episode 10 has success rate: 0.30, collision rate: 0.70, nav time: 9.40, total reward: -0.0848
2019-07-29 14:25:22, INFO: Frequency of being in danger: 10.61 and average min separate distance in danger: 0.09
2019-07-29 14:25:22, INFO: Current git head hash code: c269e14235ecc8e765a2513ec0335588bee91111
2019-07-29 14:25:22, INFO: Using device: cpu
2019-07-29 14:25:22, INFO: Policy: CADRL without occupancy map
2019-07-29 14:25:22, INFO: human number: 5
2019-07-29 14:25:22, INFO: Not randomize human's radius and preferred speed
2019-07-29 14:25:22, INFO: Training simulation: circle_crossing, test simulation: circle_crossing
2019-07-29 14:25:22, INFO: Square width: 10.0, circle width: 4.0
2019-07-29 14:25:22, INFO: Current learning rate: 0.010000
2019-07-29 14:25:23, INFO: TRAIN has success rate: 1.00, collision rate: 0.00, nav time: 9.46, total reward: 0.3823
2019-07-29 14:25:23, INFO: Finish imitation learning. Weights saved.
2019-07-29 14:25:23, INFO: Experience set size: 100/100
2019-07-29 14:25:23, INFO: Agent is invisible and has holonomic kinematic constraint
2019-07-29 14:25:23, INFO: Current learning rate: 0.001000
2019-07-29 14:25:25, INFO: TRAIN in episode 0 has success rate: 1.00, collision rate: 0.00, nav time: 16.00, total reward: 0.1598
2019-07-29 14:25:25, INFO: TRAIN in episode 1 has success rate: 0.00, collision rate: 1.00, nav time: 25.00, total reward: -0.1643
2019-07-29 14:25:27, INFO: TRAIN in episode 2 has success rate: 1.00, collision rate: 0.00, nav time: 13.25, total reward: 0.2542
2019-07-29 14:25:28, INFO: TRAIN in episode 3 has success rate: 0.00, collision rate: 1.00, nav time: 25.00, total reward: -0.1640
2019-07-29 14:25:31, INFO: TRAIN in episode 4 has success rate: 1.00, collision rate: 0.00, nav time: 16.25, total reward: 0.1853
2019-07-29 14:25:35, INFO: TRAIN in episode 5 has success rate: 1.00, collision rate: 0.00, nav time: 17.00, total reward: 0.1712
2019-07-29 14:25:36, INFO: TRAIN in episode 6 has success rate: 1.00, collision rate: 0.00, nav time: 9.25, total reward: 0.2306
2019-07-29 14:25:38, INFO: TRAIN in episode 7 has success rate: 0.00, collision rate: 1.00, nav time: 25.00, total reward: -0.1742
2019-07-29 14:25:39, INFO: TRAIN in episode 8 has success rate: 1.00, collision rate: 0.00, nav time: 9.25, total reward: 0.3874
2019-07-29 14:25:41, INFO: TRAIN in episode 9 has success rate: 1.00, collision rate: 0.00, nav time: 9.50, total reward: 0.0954
2019-07-29 14:27:20, INFO: TEST  in episode 10 has success rate: 0.55, collision rate: 0.10, nav time: 14.41, total reward: 0.0866
2019-07-29 14:27:20, INFO: Frequency of being in danger: 1.67 and average min separate distance in danger: 0.12
2019-07-29 14:27:20, INFO: Current git head hash code: c269e14235ecc8e765a2513ec0335588bee91111
2019-07-29 14:27:20, INFO: Using device: cpu
2019-07-29 14:27:20, INFO: Policy: CADRL without occupancy map
2019-07-29 14:27:20, INFO: human number: 5
2019-07-29 14:27:20, INFO: Not randomize human's radius and preferred speed
2019-07-29 14:27:20, INFO: Training simulation: circle_crossing, test simulation: circle_crossing
2019-07-29 14:27:20, INFO: Square width: 10.0, circle width: 4.0
2019-07-29 14:27:20, INFO: Current learning rate: 0.010000
2019-07-29 14:27:20, INFO: TRAIN has success rate: 1.00, collision rate: 0.00, nav time: 9.54, total reward: 0.3816
2019-07-29 14:27:20, INFO: Finish imitation learning. Weights saved.
2019-07-29 14:27:20, INFO: Experience set size: 100/100
2019-07-29 14:27:20, INFO: Agent is invisible and has holonomic kinematic constraint
2019-07-29 14:27:20, INFO: Current learning rate: 0.001000
2019-07-29 14:27:22, INFO: TRAIN in episode 0 has success rate: 1.00, collision rate: 0.00, nav time: 15.90, total reward: 0.1933
2019-07-29 14:27:24, INFO: TRAIN in episode 1 has success rate: 1.00, collision rate: 0.00, nav time: 15.30, total reward: 0.2059
2019-07-29 14:27:26, INFO: TRAIN in episode 2 has success rate: 1.00, collision rate: 0.00, nav time: 14.70, total reward: 0.2193
2019-07-29 14:27:27, INFO: TRAIN in episode 3 has success rate: 1.00, collision rate: 0.00, nav time: 9.90, total reward: 0.3164
2019-07-29 14:27:29, INFO: TRAIN in episode 4 has success rate: 1.00, collision rate: 0.00, nav time: 9.30, total reward: 0.3874
2019-07-29 14:27:32, INFO: TRAIN in episode 5 has success rate: 1.00, collision rate: 0.00, nav time: 9.00, total reward: 0.3999
2019-07-29 14:27:37, INFO: TRAIN in episode 6 has success rate: 1.00, collision rate: 0.00, nav time: 14.70, total reward: 0.2193
2019-07-29 14:27:38, INFO: TRAIN in episode 7 has success rate: 0.00, collision rate: 1.00, nav time: 25.00, total reward: -0.1531
2019-07-29 14:27:40, INFO: TRAIN in episode 8 has success rate: 1.00, collision rate: 0.00, nav time: 11.40, total reward: 0.3105
2019-07-29 14:27:41, INFO: TRAIN in episode 9 has success rate: 1.00, collision rate: 0.00, nav time: 10.20, total reward: 0.3524
2019-07-29 14:28:32, INFO: TEST  in episode 10 has success rate: 0.90, collision rate: 0.10, nav time: 11.15, total reward: 0.2311
2019-07-29 14:28:32, INFO: Frequency of being in danger: 2.09 and average min separate distance in danger: 0.11
2019-07-29 14:28:32, INFO: Current git head hash code: c269e14235ecc8e765a2513ec0335588bee91111
2019-07-29 14:28:32, INFO: Using device: cpu
2019-07-29 14:28:32, INFO: Policy: CADRL without occupancy map
2019-07-29 14:28:32, INFO: human number: 5
2019-07-29 14:28:32, INFO: Not randomize human's radius and preferred speed
2019-07-29 14:28:32, INFO: Training simulation: circle_crossing, test simulation: circle_crossing
2019-07-29 14:28:32, INFO: Square width: 10.0, circle width: 4.0
2019-07-29 14:28:32, INFO: Current learning rate: 0.010000
2019-07-29 14:28:32, INFO: TRAIN has success rate: 1.00, collision rate: 0.00, nav time: 9.51, total reward: 0.3846
2019-07-29 14:28:32, INFO: Finish imitation learning. Weights saved.
2019-07-29 14:28:32, INFO: Experience set size: 100/100
2019-07-29 14:28:32, INFO: Agent is invisible and has holonomic kinematic constraint
2019-07-29 14:28:32, INFO: Current learning rate: 0.001000
2019-07-29 14:28:34, INFO: TRAIN in episode 0 has success rate: 1.00, collision rate: 0.00, nav time: 16.80, total reward: 0.1767
2019-07-29 14:28:35, INFO: TRAIN in episode 1 has success rate: 1.00, collision rate: 0.00, nav time: 15.40, total reward: 0.2048
2019-07-29 14:28:36, INFO: TRAIN in episode 2 has success rate: 0.00, collision rate: 1.00, nav time: 25.00, total reward: -0.1386
2019-07-29 14:28:37, INFO: TRAIN in episode 3 has success rate: 1.00, collision rate: 0.00, nav time: 9.80, total reward: 0.2942
2019-07-29 14:28:39, INFO: TRAIN in episode 4 has success rate: 1.00, collision rate: 0.00, nav time: 9.80, total reward: 0.3695
2019-07-29 14:28:40, INFO: TRAIN in episode 5 has success rate: 1.00, collision rate: 0.00, nav time: 8.75, total reward: 0.4127
2019-07-29 14:28:41, INFO: TRAIN in episode 6 has success rate: 1.00, collision rate: 0.00, nav time: 9.10, total reward: 0.2424
2019-07-29 14:28:42, INFO: TRAIN in episode 7 has success rate: 0.00, collision rate: 1.00, nav time: 25.00, total reward: -0.2285
2019-07-29 14:28:44, INFO: TRAIN in episode 8 has success rate: 1.00, collision rate: 0.00, nav time: 12.95, total reward: 0.1116
2019-07-29 14:28:46, INFO: TRAIN in episode 9 has success rate: 1.00, collision rate: 0.00, nav time: 10.15, total reward: 0.2768
2019-07-29 14:29:28, INFO: TEST  in episode 10 has success rate: 0.60, collision rate: 0.35, nav time: 11.00, total reward: 0.0773
2019-07-29 14:29:28, INFO: Frequency of being in danger: 2.60 and average min separate distance in danger: 0.12
2019-07-29 14:29:28, INFO: Current git head hash code: c269e14235ecc8e765a2513ec0335588bee91111
2019-07-29 14:29:28, INFO: Using device: cpu
2019-07-29 14:29:28, INFO: Policy: CADRL without occupancy map
2019-07-29 14:29:28, INFO: human number: 5
2019-07-29 14:29:28, INFO: Not randomize human's radius and preferred speed
2019-07-29 14:29:28, INFO: Training simulation: circle_crossing, test simulation: circle_crossing
2019-07-29 14:29:28, INFO: Square width: 10.0, circle width: 4.0
2019-07-29 14:29:28, INFO: Current learning rate: 0.010000
2019-07-29 14:29:29, INFO: TRAIN has success rate: 1.00, collision rate: 0.00, nav time: 9.59, total reward: 0.3841
2019-07-29 14:29:29, INFO: Finish imitation learning. Weights saved.
2019-07-29 14:29:29, INFO: Experience set size: 100/100
2019-07-29 14:29:29, INFO: Agent is invisible and has holonomic kinematic constraint
2019-07-29 14:29:29, INFO: Current learning rate: 0.001000
2019-07-29 14:29:30, INFO: TRAIN in episode 0 has success rate: 0.00, collision rate: 1.00, nav time: 25.00, total reward: -0.1445
2019-07-29 14:29:32, INFO: TRAIN in episode 1 has success rate: 1.00, collision rate: 0.00, nav time: 17.20, total reward: 0.1703
2019-07-29 14:29:35, INFO: TRAIN in episode 2 has success rate: 1.00, collision rate: 0.00, nav time: 11.60, total reward: 0.3027
2019-07-29 14:29:37, INFO: TRAIN in episode 3 has success rate: 1.00, collision rate: 0.00, nav time: 9.60, total reward: 0.3359
2019-07-29 14:29:40, INFO: TRAIN in episode 4 has success rate: 1.00, collision rate: 0.00, nav time: 8.40, total reward: 0.4305
2019-07-29 14:29:42, INFO: TRAIN in episode 5 has success rate: 1.00, collision rate: 0.00, nav time: 8.40, total reward: 0.4305
2019-07-29 14:29:45, INFO: TRAIN in episode 6 has success rate: 1.00, collision rate: 0.00, nav time: 9.60, total reward: 0.3703
2019-07-29 14:29:47, INFO: TRAIN in episode 7 has success rate: 0.00, collision rate: 1.00, nav time: 25.00, total reward: -0.1466
2019-07-29 14:29:50, INFO: TRAIN in episode 8 has success rate: 1.00, collision rate: 0.00, nav time: 8.40, total reward: 0.4255
2019-07-29 14:29:53, INFO: TRAIN in episode 9 has success rate: 1.00, collision rate: 0.00, nav time: 10.00, total reward: 0.2966
2019-07-29 14:30:38, INFO: TEST  in episode 10 has success rate: 0.70, collision rate: 0.30, nav time: 11.09, total reward: 0.1370
2019-07-29 14:30:38, INFO: Frequency of being in danger: 1.71 and average min separate distance in danger: 0.14
2019-07-29 14:30:38, INFO: Current git head hash code: c269e14235ecc8e765a2513ec0335588bee91111
2019-07-29 14:30:38, INFO: Using device: cpu
2019-07-29 14:30:38, INFO: Policy: CADRL without occupancy map
2019-07-29 14:30:38, INFO: human number: 5
2019-07-29 14:30:38, INFO: Not randomize human's radius and preferred speed
2019-07-29 14:30:38, INFO: Training simulation: circle_crossing, test simulation: circle_crossing
2019-07-29 14:30:38, INFO: Square width: 10.0, circle width: 4.0
2019-07-29 14:30:38, INFO: Current learning rate: 0.010000
2019-07-29 14:30:39, INFO: TRAIN has success rate: 1.00, collision rate: 0.00, nav time: 9.59, total reward: 0.3861
2019-07-29 14:30:39, INFO: Finish imitation learning. Weights saved.
2019-07-29 14:30:39, INFO: Experience set size: 100/100
2019-07-29 14:30:39, INFO: Agent is invisible and has holonomic kinematic constraint
2019-07-29 14:30:39, INFO: Current learning rate: 0.001000
2019-07-29 14:30:40, INFO: TRAIN in episode 0 has success rate: 1.00, collision rate: 0.00, nav time: 17.55, total reward: 0.1322
2019-07-29 14:30:41, INFO: TRAIN in episode 1 has success rate: 1.00, collision rate: 0.00, nav time: 18.00, total reward: 0.1574
2019-07-29 14:30:43, INFO: TRAIN in episode 2 has success rate: 1.00, collision rate: 0.00, nav time: 13.50, total reward: 0.1838
2019-07-29 14:30:44, INFO: TRAIN in episode 3 has success rate: 1.00, collision rate: 0.00, nav time: 9.90, total reward: 0.3554
2019-07-29 14:30:45, INFO: TRAIN in episode 4 has success rate: 1.00, collision rate: 0.00, nav time: 8.55, total reward: 0.4141
2019-07-29 14:30:46, INFO: TRAIN in episode 5 has success rate: 1.00, collision rate: 0.00, nav time: 8.55, total reward: 0.3791
2019-07-29 14:30:47, INFO: TRAIN in episode 6 has success rate: 1.00, collision rate: 0.00, nav time: 9.00, total reward: 0.2773
2019-07-29 14:30:48, INFO: TRAIN in episode 7 has success rate: 0.00, collision rate: 1.00, nav time: 25.00, total reward: -0.2266
2019-07-29 14:30:49, INFO: TRAIN in episode 8 has success rate: 1.00, collision rate: 0.00, nav time: 9.90, total reward: 0.3282
2019-07-29 14:30:52, INFO: TRAIN in episode 9 has success rate: 1.00, collision rate: 0.00, nav time: 9.90, total reward: 0.2892
2019-07-29 14:31:25, INFO: TEST  in episode 10 has success rate: 0.65, collision rate: 0.30, nav time: 10.28, total reward: 0.1162
2019-07-29 14:31:25, INFO: Frequency of being in danger: 1.72 and average min separate distance in danger: 0.10
2019-07-29 14:31:25, INFO: Current git head hash code: c269e14235ecc8e765a2513ec0335588bee91111
2019-07-29 14:31:25, INFO: Using device: cpu
2019-07-29 14:31:25, INFO: Policy: CADRL without occupancy map
2019-07-29 14:31:25, INFO: human number: 5
2019-07-29 14:31:25, INFO: Not randomize human's radius and preferred speed
2019-07-29 14:31:25, INFO: Training simulation: circle_crossing, test simulation: circle_crossing
2019-07-29 14:31:25, INFO: Square width: 10.0, circle width: 4.0
2019-07-29 14:31:25, INFO: Current learning rate: 0.010000
2019-07-29 14:31:25, INFO: TRAIN has success rate: 1.00, collision rate: 0.00, nav time: 9.68, total reward: 0.3849
2019-07-29 14:31:25, INFO: Finish imitation learning. Weights saved.
2019-07-29 14:31:25, INFO: Experience set size: 100/100
2019-07-29 14:31:25, INFO: Agent is invisible and has holonomic kinematic constraint
2019-07-29 14:31:25, INFO: Current learning rate: 0.001000
2019-07-29 14:31:26, INFO: TRAIN in episode 0 has success rate: 0.00, collision rate: 1.00, nav time: 25.00, total reward: -0.1488
2019-07-29 14:31:27, INFO: TRAIN in episode 1 has success rate: 1.00, collision rate: 0.00, nav time: 16.00, total reward: 0.1953
2019-07-29 14:31:28, INFO: TRAIN in episode 2 has success rate: 1.00, collision rate: 0.00, nav time: 12.50, total reward: 0.2549
2019-07-29 14:31:28, INFO: TRAIN in episode 3 has success rate: 0.00, collision rate: 1.00, nav time: 25.00, total reward: -0.1729
2019-07-29 14:31:30, INFO: TRAIN in episode 4 has success rate: 1.00, collision rate: 0.00, nav time: 12.50, total reward: 0.1914
2019-07-29 14:31:32, INFO: TRAIN in episode 5 has success rate: 1.00, collision rate: 0.00, nav time: 9.00, total reward: 0.3861
2019-07-29 14:31:34, INFO: TRAIN in episode 6 has success rate: 1.00, collision rate: 0.00, nav time: 9.00, total reward: 0.3436
2019-07-29 14:31:37, INFO: TRAIN in episode 7 has success rate: 1.00, collision rate: 0.00, nav time: 13.00, total reward: 0.2103
2019-07-29 14:31:39, INFO: TRAIN in episode 8 has success rate: 1.00, collision rate: 0.00, nav time: 9.00, total reward: 0.3892
2019-07-29 14:31:41, INFO: TRAIN in episode 9 has success rate: 1.00, collision rate: 0.00, nav time: 10.00, total reward: 0.3270
2019-07-29 14:32:30, INFO: TEST  in episode 10 has success rate: 0.65, collision rate: 0.25, nav time: 11.15, total reward: 0.1164
2019-07-29 14:32:30, INFO: Frequency of being in danger: 1.28 and average min separate distance in danger: 0.14
2019-07-29 14:32:30, INFO: Current git head hash code: c269e14235ecc8e765a2513ec0335588bee91111
2019-07-29 14:32:30, INFO: Using device: cpu
2019-07-29 14:32:30, INFO: Policy: CADRL without occupancy map
2019-07-29 14:32:30, INFO: human number: 5
2019-07-29 14:32:30, INFO: Not randomize human's radius and preferred speed
2019-07-29 14:32:30, INFO: Training simulation: circle_crossing, test simulation: circle_crossing
2019-07-29 14:32:30, INFO: Square width: 10.0, circle width: 4.0
2019-07-29 14:32:30, INFO: Current learning rate: 0.010000
2019-07-29 14:32:31, INFO: TRAIN has success rate: 1.00, collision rate: 0.00, nav time: 9.70, total reward: 0.3856
2019-07-29 14:32:31, INFO: Finish imitation learning. Weights saved.
2019-07-29 14:32:31, INFO: Experience set size: 100/100
2019-07-29 14:32:31, INFO: Agent is invisible and has holonomic kinematic constraint
2019-07-29 14:32:31, INFO: Current learning rate: 0.001000
2019-07-29 14:32:31, INFO: TRAIN in episode 0 has success rate: 1.00, collision rate: 0.00, nav time: 17.05, total reward: 0.1758
2019-07-29 14:32:32, INFO: TRAIN in episode 1 has success rate: 1.00, collision rate: 0.00, nav time: 17.60, total reward: 0.1659
2019-07-29 14:32:33, INFO: TRAIN in episode 2 has success rate: 1.00, collision rate: 0.00, nav time: 11.55, total reward: 0.3020
2019-07-29 14:32:34, INFO: TRAIN in episode 3 has success rate: 1.00, collision rate: 0.00, nav time: 10.45, total reward: 0.3524
2019-07-29 14:32:35, INFO: TRAIN in episode 4 has success rate: 1.00, collision rate: 0.00, nav time: 9.35, total reward: 0.3957
2019-07-29 14:32:36, INFO: TRAIN in episode 5 has success rate: 1.00, collision rate: 0.00, nav time: 8.80, total reward: 0.4193
2019-07-29 14:32:37, INFO: TRAIN in episode 6 has success rate: 1.00, collision rate: 0.00, nav time: 10.45, total reward: 0.3358
2019-07-29 14:32:38, INFO: TRAIN in episode 7 has success rate: 1.00, collision rate: 0.00, nav time: 11.55, total reward: 0.3138
2019-07-29 14:32:39, INFO: TRAIN in episode 8 has success rate: 1.00, collision rate: 0.00, nav time: 11.55, total reward: 0.2603
2019-07-29 14:32:41, INFO: TRAIN in episode 9 has success rate: 1.00, collision rate: 0.00, nav time: 11.55, total reward: 0.3035
2019-07-29 14:33:13, INFO: TEST  in episode 10 has success rate: 0.85, collision rate: 0.10, nav time: 12.10, total reward: 0.1941
2019-07-29 14:33:13, INFO: Frequency of being in danger: 0.76 and average min separate distance in danger: 0.14
2019-07-29 14:33:13, INFO: Current git head hash code: c269e14235ecc8e765a2513ec0335588bee91111
2019-07-29 14:33:13, INFO: Using device: cpu
2019-07-29 14:33:13, INFO: Policy: CADRL without occupancy map
2019-07-29 14:33:13, INFO: human number: 5
2019-07-29 14:33:13, INFO: Not randomize human's radius and preferred speed
2019-07-29 14:33:13, INFO: Training simulation: circle_crossing, test simulation: circle_crossing
2019-07-29 14:33:13, INFO: Square width: 10.0, circle width: 4.0
2019-07-29 14:33:13, INFO: Current learning rate: 0.010000
2019-07-29 14:33:13, INFO: TRAIN has success rate: 1.00, collision rate: 0.00, nav time: 9.78, total reward: 0.3857
2019-07-29 14:33:13, INFO: Finish imitation learning. Weights saved.
2019-07-29 14:33:13, INFO: Experience set size: 100/100
2019-07-29 14:33:13, INFO: Agent is invisible and has holonomic kinematic constraint
2019-07-29 14:33:13, INFO: Current learning rate: 0.001000
2019-07-29 14:33:14, INFO: TRAIN in episode 0 has success rate: 1.00, collision rate: 0.00, nav time: 17.40, total reward: 0.1703
2019-07-29 14:33:15, INFO: TRAIN in episode 1 has success rate: 1.00, collision rate: 0.00, nav time: 15.60, total reward: 0.2059
2019-07-29 14:33:16, INFO: TRAIN in episode 2 has success rate: 1.00, collision rate: 0.00, nav time: 12.00, total reward: 0.2652
2019-07-29 14:33:17, INFO: TRAIN in episode 3 has success rate: 1.00, collision rate: 0.00, nav time: 9.00, total reward: 0.4127
2019-07-29 14:33:17, INFO: TRAIN in episode 4 has success rate: 1.00, collision rate: 0.00, nav time: 8.40, total reward: 0.4396
2019-07-29 14:33:18, INFO: TRAIN in episode 5 has success rate: 1.00, collision rate: 0.00, nav time: 8.40, total reward: 0.4396
2019-07-29 14:33:19, INFO: TRAIN in episode 6 has success rate: 1.00, collision rate: 0.00, nav time: 9.60, total reward: 0.3333
2019-07-29 14:33:20, INFO: TRAIN in episode 7 has success rate: 1.00, collision rate: 0.00, nav time: 9.60, total reward: 0.3874
2019-07-29 14:33:21, INFO: TRAIN in episode 8 has success rate: 1.00, collision rate: 0.00, nav time: 12.60, total reward: 0.2750
2019-07-29 14:33:22, INFO: TRAIN in episode 9 has success rate: 0.00, collision rate: 1.00, nav time: 25.00, total reward: -0.1175
2019-07-29 14:33:59, INFO: TEST  in episode 10 has success rate: 0.80, collision rate: 0.15, nav time: 12.34, total reward: 0.1695
2019-07-29 14:33:59, INFO: Frequency of being in danger: 0.60 and average min separate distance in danger: 0.14
2019-07-29 14:33:59, INFO: Current git head hash code: c269e14235ecc8e765a2513ec0335588bee91111
2019-07-29 14:33:59, INFO: Using device: cpu
2019-07-29 14:33:59, INFO: Policy: CADRL without occupancy map
2019-07-29 14:33:59, INFO: human number: 5
2019-07-29 14:33:59, INFO: Not randomize human's radius and preferred speed
2019-07-29 14:33:59, INFO: Training simulation: circle_crossing, test simulation: circle_crossing
2019-07-29 14:33:59, INFO: Square width: 10.0, circle width: 4.0
2019-07-29 14:33:59, INFO: Current learning rate: 0.010000
2019-07-29 14:33:59, INFO: TRAIN has success rate: 1.00, collision rate: 0.00, nav time: 9.97, total reward: 0.3821
2019-07-29 14:33:59, INFO: Finish imitation learning. Weights saved.
2019-07-29 14:33:59, INFO: Experience set size: 100/100
2019-07-29 14:33:59, INFO: Agent is invisible and has holonomic kinematic constraint
2019-07-29 14:33:59, INFO: Current learning rate: 0.001000
2019-07-29 14:34:01, INFO: TRAIN in episode 0 has success rate: 1.00, collision rate: 0.00, nav time: 16.90, total reward: 0.1805
2019-07-29 14:34:03, INFO: TRAIN in episode 1 has success rate: 1.00, collision rate: 0.00, nav time: 14.95, total reward: 0.2217
2019-07-29 14:34:04, INFO: TRAIN in episode 2 has success rate: 0.00, collision rate: 1.00, nav time: 25.00, total reward: -0.2896
2019-07-29 14:34:06, INFO: TRAIN in episode 3 has success rate: 1.00, collision rate: 0.00, nav time: 9.75, total reward: 0.3834
2019-07-29 14:34:07, INFO: TRAIN in episode 4 has success rate: 1.00, collision rate: 0.00, nav time: 8.45, total reward: 0.3616
2019-07-29 14:34:09, INFO: TRAIN in episode 5 has success rate: 1.00, collision rate: 0.00, nav time: 8.45, total reward: 0.3983
2019-07-29 14:34:09, INFO: TRAIN in episode 6 has success rate: 0.00, collision rate: 1.00, nav time: 25.00, total reward: -0.1987
2019-07-29 14:34:11, INFO: TRAIN in episode 7 has success rate: 1.00, collision rate: 0.00, nav time: 9.10, total reward: 0.4084
2019-07-29 14:34:13, INFO: TRAIN in episode 8 has success rate: 1.00, collision rate: 0.00, nav time: 9.75, total reward: 0.3430
2019-07-29 14:34:15, INFO: TRAIN in episode 9 has success rate: 0.00, collision rate: 1.00, nav time: 25.00, total reward: -0.1965
2019-07-29 14:34:59, INFO: TEST  in episode 10 has success rate: 0.90, collision rate: 0.10, nav time: 12.49, total reward: 0.2138
2019-07-29 14:34:59, INFO: Frequency of being in danger: 0.51 and average min separate distance in danger: 0.16
2019-07-29 14:34:59, INFO: Current git head hash code: c269e14235ecc8e765a2513ec0335588bee91111
2019-07-29 14:34:59, INFO: Using device: cpu
2019-07-29 14:34:59, INFO: Policy: CADRL without occupancy map
2019-07-29 14:34:59, INFO: human number: 5
2019-07-29 14:34:59, INFO: Not randomize human's radius and preferred speed
2019-07-29 14:34:59, INFO: Training simulation: circle_crossing, test simulation: circle_crossing
2019-07-29 14:34:59, INFO: Square width: 10.0, circle width: 4.0
2019-07-29 14:34:59, INFO: Current learning rate: 0.010000
2019-07-29 14:34:59, INFO: TRAIN has success rate: 1.00, collision rate: 0.00, nav time: 9.92, total reward: 0.3864
2019-07-29 14:34:59, INFO: Finish imitation learning. Weights saved.
2019-07-29 14:34:59, INFO: Experience set size: 100/100
2019-07-29 14:34:59, INFO: Agent is invisible and has holonomic kinematic constraint
2019-07-29 14:34:59, INFO: Current learning rate: 0.001000
2019-07-29 14:35:01, INFO: TRAIN in episode 0 has success rate: 1.00, collision rate: 0.00, nav time: 17.50, total reward: 0.1703
2019-07-29 14:35:02, INFO: TRAIN in episode 1 has success rate: 1.00, collision rate: 0.00, nav time: 16.10, total reward: 0.1974
2019-07-29 14:35:03, INFO: TRAIN in episode 2 has success rate: 1.00, collision rate: 0.00, nav time: 17.50, total reward: 0.0880
2019-07-29 14:35:03, INFO: TRAIN in episode 3 has success rate: 1.00, collision rate: 0.00, nav time: 9.10, total reward: 0.4127
2019-07-29 14:35:04, INFO: TRAIN in episode 4 has success rate: 1.00, collision rate: 0.00, nav time: 8.40, total reward: 0.4416
2019-07-29 14:35:05, INFO: TRAIN in episode 5 has success rate: 1.00, collision rate: 0.00, nav time: 8.40, total reward: 0.4208
2019-07-29 14:35:06, INFO: TRAIN in episode 6 has success rate: 1.00, collision rate: 0.00, nav time: 9.80, total reward: 0.3568
2019-07-29 14:35:06, INFO: TRAIN in episode 7 has success rate: 1.00, collision rate: 0.00, nav time: 8.40, total reward: 0.4443
2019-07-29 14:35:07, INFO: TRAIN in episode 8 has success rate: 1.00, collision rate: 0.00, nav time: 11.90, total reward: 0.2449
2019-07-29 14:35:08, INFO: TRAIN in episode 9 has success rate: 1.00, collision rate: 0.00, nav time: 12.60, total reward: 0.2589
2019-07-29 14:35:31, INFO: TEST  in episode 10 has success rate: 0.85, collision rate: 0.15, nav time: 11.36, total reward: 0.1949
2019-07-29 14:35:31, INFO: Frequency of being in danger: 0.57 and average min separate distance in danger: 0.13
2019-07-29 14:35:31, INFO: Current git head hash code: c269e14235ecc8e765a2513ec0335588bee91111
2019-07-29 14:35:31, INFO: Using device: cpu
2019-07-29 14:35:31, INFO: Policy: CADRL without occupancy map
2019-07-29 14:35:31, INFO: human number: 5
2019-07-29 14:35:31, INFO: Not randomize human's radius and preferred speed
2019-07-29 14:35:31, INFO: Training simulation: circle_crossing, test simulation: circle_crossing
2019-07-29 14:35:31, INFO: Square width: 10.0, circle width: 4.0
2019-07-29 14:35:31, INFO: Current learning rate: 0.010000
2019-07-29 14:35:31, INFO: TRAIN has success rate: 1.00, collision rate: 0.00, nav time: 9.75, total reward: 0.3923
2019-07-29 14:35:31, INFO: Finish imitation learning. Weights saved.
2019-07-29 14:35:31, INFO: Experience set size: 100/100
2019-07-29 14:35:31, INFO: Agent is invisible and has holonomic kinematic constraint
2019-07-29 14:35:31, INFO: Current learning rate: 0.001000
2019-07-29 14:35:33, INFO: TRAIN in episode 0 has success rate: 1.00, collision rate: 0.00, nav time: 18.75, total reward: 0.1501
2019-07-29 14:35:33, INFO: TRAIN in episode 1 has success rate: 1.00, collision rate: 0.00, nav time: 14.25, total reward: 0.2411
2019-07-29 14:35:35, INFO: TRAIN in episode 2 has success rate: 1.00, collision rate: 0.00, nav time: 18.00, total reward: 0.0882
2019-07-29 14:35:35, INFO: TRAIN in episode 3 has success rate: 1.00, collision rate: 0.00, nav time: 9.75, total reward: 0.3874
2019-07-29 14:35:36, INFO: TRAIN in episode 4 has success rate: 1.00, collision rate: 0.00, nav time: 9.00, total reward: 0.3903
2019-07-29 14:35:37, INFO: TRAIN in episode 5 has success rate: 1.00, collision rate: 0.00, nav time: 9.00, total reward: 0.4103
2019-07-29 14:35:37, INFO: TRAIN in episode 6 has success rate: 0.00, collision rate: 1.00, nav time: 25.00, total reward: -0.1822
2019-07-29 14:35:38, INFO: TRAIN in episode 7 has success rate: 1.00, collision rate: 0.00, nav time: 9.00, total reward: 0.4193
2019-07-29 14:35:39, INFO: TRAIN in episode 8 has success rate: 1.00, collision rate: 0.00, nav time: 11.25, total reward: 0.3142
2019-07-29 14:35:39, INFO: TRAIN in episode 9 has success rate: 1.00, collision rate: 0.00, nav time: 10.50, total reward: 0.3217
2019-07-29 14:36:02, INFO: TEST  in episode 10 has success rate: 0.90, collision rate: 0.10, nav time: 11.63, total reward: 0.2327
2019-07-29 14:36:02, INFO: Frequency of being in danger: 0.41 and average min separate distance in danger: 0.14
2019-07-29 14:36:02, INFO: Current git head hash code: c269e14235ecc8e765a2513ec0335588bee91111
2019-07-29 14:36:02, INFO: Using device: cpu
2019-07-29 14:36:02, INFO: Policy: CADRL without occupancy map
2019-07-29 14:36:02, INFO: human number: 5
2019-07-29 14:36:02, INFO: Not randomize human's radius and preferred speed
2019-07-29 14:36:02, INFO: Training simulation: circle_crossing, test simulation: circle_crossing
2019-07-29 14:36:02, INFO: Square width: 10.0, circle width: 4.0
2019-07-29 14:36:02, INFO: Current learning rate: 0.010000
2019-07-29 14:36:02, INFO: TRAIN has success rate: 1.00, collision rate: 0.00, nav time: 9.84, total reward: 0.3912
2019-07-29 14:36:03, INFO: Finish imitation learning. Weights saved.
2019-07-29 14:36:03, INFO: Experience set size: 100/100
2019-07-29 14:36:03, INFO: Agent is invisible and has holonomic kinematic constraint
2019-07-29 14:36:03, INFO: Current learning rate: 0.001000
2019-07-29 14:36:04, INFO: TRAIN in episode 0 has success rate: 1.00, collision rate: 0.00, nav time: 20.00, total reward: 0.1323
2019-07-29 14:36:06, INFO: TRAIN in episode 1 has success rate: 1.00, collision rate: 0.00, nav time: 18.40, total reward: 0.1566
2019-07-29 14:36:08, INFO: TRAIN in episode 2 has success rate: 1.00, collision rate: 0.00, nav time: 19.20, total reward: 0.0548
2019-07-29 14:36:09, INFO: TRAIN in episode 3 has success rate: 1.00, collision rate: 0.00, nav time: 10.40, total reward: 0.3637
2019-07-29 14:36:10, INFO: TRAIN in episode 4 has success rate: 1.00, collision rate: 0.00, nav time: 8.80, total reward: 0.4176
2019-07-29 14:36:11, INFO: TRAIN in episode 5 has success rate: 1.00, collision rate: 0.00, nav time: 8.80, total reward: 0.4305
2019-07-29 14:36:12, INFO: TRAIN in episode 6 has success rate: 1.00, collision rate: 0.00, nav time: 9.60, total reward: 0.3907
2019-07-29 14:36:12, INFO: TRAIN in episode 7 has success rate: 1.00, collision rate: 0.00, nav time: 9.60, total reward: 0.3957
2019-07-29 14:36:13, INFO: TRAIN in episode 8 has success rate: 1.00, collision rate: 0.00, nav time: 12.00, total reward: 0.2588
2019-07-29 14:36:14, INFO: TRAIN in episode 9 has success rate: 1.00, collision rate: 0.00, nav time: 11.20, total reward: 0.3085
2019-07-29 14:36:36, INFO: TEST  in episode 10 has success rate: 0.90, collision rate: 0.10, nav time: 11.78, total reward: 0.2416
2019-07-29 14:36:36, INFO: Frequency of being in danger: 0.33 and average min separate distance in danger: 0.15
2019-07-29 14:36:36, INFO: Current git head hash code: c269e14235ecc8e765a2513ec0335588bee91111
2019-07-29 14:36:36, INFO: Using device: cpu
2019-07-29 14:36:36, INFO: Policy: CADRL without occupancy map
2019-07-29 14:36:36, INFO: human number: 5
2019-07-29 14:36:36, INFO: Not randomize human's radius and preferred speed
2019-07-29 14:36:36, INFO: Training simulation: circle_crossing, test simulation: circle_crossing
2019-07-29 14:36:36, INFO: Square width: 10.0, circle width: 4.0
2019-07-29 14:36:36, INFO: Current learning rate: 0.010000
2019-07-29 14:36:36, INFO: TRAIN has success rate: 1.00, collision rate: 0.00, nav time: 9.92, total reward: 0.3900
2019-07-29 14:36:36, INFO: Finish imitation learning. Weights saved.
2019-07-29 14:36:36, INFO: Experience set size: 100/100
2019-07-29 14:36:36, INFO: Agent is invisible and has holonomic kinematic constraint
2019-07-29 14:36:36, INFO: Current learning rate: 0.001000
2019-07-29 14:36:37, INFO: TRAIN in episode 0 has success rate: 1.00, collision rate: 0.00, nav time: 20.40, total reward: 0.1128
2019-07-29 14:36:38, INFO: TRAIN in episode 1 has success rate: 1.00, collision rate: 0.00, nav time: 15.30, total reward: 0.2093
2019-07-29 14:36:39, INFO: TRAIN in episode 2 has success rate: 1.00, collision rate: 0.00, nav time: 18.70, total reward: 0.1275
2019-07-29 14:36:39, INFO: TRAIN in episode 3 has success rate: 1.00, collision rate: 0.00, nav time: 10.20, total reward: 0.3727
2019-07-29 14:36:40, INFO: TRAIN in episode 4 has success rate: 1.00, collision rate: 0.00, nav time: 8.50, total reward: 0.4426
2019-07-29 14:36:41, INFO: TRAIN in episode 5 has success rate: 1.00, collision rate: 0.00, nav time: 9.35, total reward: 0.3776
2019-07-29 14:36:41, INFO: TRAIN in episode 6 has success rate: 1.00, collision rate: 0.00, nav time: 9.35, total reward: 0.3885
2019-07-29 14:36:42, INFO: TRAIN in episode 7 has success rate: 1.00, collision rate: 0.00, nav time: 9.35, total reward: 0.4084
2019-07-29 14:36:43, INFO: TRAIN in episode 8 has success rate: 1.00, collision rate: 0.00, nav time: 13.60, total reward: 0.2252
2019-07-29 14:36:43, INFO: TRAIN in episode 9 has success rate: 1.00, collision rate: 0.00, nav time: 11.05, total reward: 0.3227
2019-07-29 14:37:02, INFO: TEST  in episode 10 has success rate: 0.90, collision rate: 0.10, nav time: 11.38, total reward: 0.2630
2019-07-29 14:37:02, INFO: Frequency of being in danger: 0.27 and average min separate distance in danger: 0.15
2019-07-29 14:37:02, INFO: Current git head hash code: c269e14235ecc8e765a2513ec0335588bee91111
2019-07-29 14:37:02, INFO: Using device: cpu
2019-07-29 14:37:02, INFO: Policy: CADRL without occupancy map
2019-07-29 14:37:02, INFO: human number: 5
2019-07-29 14:37:02, INFO: Not randomize human's radius and preferred speed
2019-07-29 14:37:02, INFO: Training simulation: circle_crossing, test simulation: circle_crossing
2019-07-29 14:37:02, INFO: Square width: 10.0, circle width: 4.0
2019-07-29 14:37:02, INFO: Current learning rate: 0.010000
2019-07-29 14:37:03, INFO: TRAIN has success rate: 1.00, collision rate: 0.00, nav time: 10.05, total reward: 0.3865
2019-07-29 14:37:03, INFO: Finish imitation learning. Weights saved.
2019-07-29 14:37:03, INFO: Experience set size: 100/100
2019-07-29 14:37:03, INFO: Agent is invisible and has holonomic kinematic constraint
2019-07-29 14:37:03, INFO: Current learning rate: 0.001000
2019-07-29 14:37:04, INFO: TRAIN in episode 0 has success rate: 1.00, collision rate: 0.00, nav time: 20.70, total reward: 0.1242
2019-07-29 14:37:05, INFO: TRAIN in episode 1 has success rate: 1.00, collision rate: 0.00, nav time: 16.20, total reward: 0.1995
2019-07-29 14:37:07, INFO: TRAIN in episode 2 has success rate: 1.00, collision rate: 0.00, nav time: 16.20, total reward: 0.1443
2019-07-29 14:37:08, INFO: TRAIN in episode 3 has success rate: 1.00, collision rate: 0.00, nav time: 10.80, total reward: 0.3524
2019-07-29 14:37:09, INFO: TRAIN in episode 4 has success rate: 1.00, collision rate: 0.00, nav time: 9.00, total reward: 0.4214
2019-07-29 14:37:11, INFO: TRAIN in episode 5 has success rate: 1.00, collision rate: 0.00, nav time: 9.00, total reward: 0.4260
2019-07-29 14:37:12, INFO: TRAIN in episode 6 has success rate: 1.00, collision rate: 0.00, nav time: 9.90, total reward: 0.3515
2019-07-29 14:37:13, INFO: TRAIN in episode 7 has success rate: 1.00, collision rate: 0.00, nav time: 9.90, total reward: 0.3874
2019-07-29 14:37:15, INFO: TRAIN in episode 8 has success rate: 1.00, collision rate: 0.00, nav time: 14.40, total reward: 0.2282
2019-07-29 14:37:17, INFO: TRAIN in episode 9 has success rate: 1.00, collision rate: 0.00, nav time: 11.70, total reward: 0.2901
2019-07-29 14:37:34, INFO: TEST  in episode 10 has success rate: 0.90, collision rate: 0.10, nav time: 11.00, total reward: 0.2340
2019-07-29 14:37:34, INFO: Frequency of being in danger: 0.30 and average min separate distance in danger: 0.12
2019-07-29 14:37:34, INFO: Current git head hash code: c269e14235ecc8e765a2513ec0335588bee91111
2019-07-29 14:37:34, INFO: Using device: cpu
2019-07-29 14:37:34, INFO: Policy: CADRL without occupancy map
2019-07-29 14:37:34, INFO: human number: 5
2019-07-29 14:37:34, INFO: Not randomize human's radius and preferred speed
2019-07-29 14:37:34, INFO: Training simulation: circle_crossing, test simulation: circle_crossing
2019-07-29 14:37:34, INFO: Square width: 10.0, circle width: 4.0
2019-07-29 14:37:34, INFO: Current learning rate: 0.010000
2019-07-29 14:37:34, INFO: TRAIN has success rate: 1.00, collision rate: 0.00, nav time: 10.04, total reward: 0.3874
2019-07-29 14:37:34, INFO: Finish imitation learning. Weights saved.
2019-07-29 14:37:34, INFO: Experience set size: 100/100
2019-07-29 14:37:34, INFO: Agent is invisible and has holonomic kinematic constraint
2019-07-29 14:37:34, INFO: Current learning rate: 0.001000
2019-07-29 14:37:35, INFO: TRAIN in episode 0 has success rate: 1.00, collision rate: 0.00, nav time: 21.85, total reward: 0.1106
2019-07-29 14:37:36, INFO: TRAIN in episode 1 has success rate: 1.00, collision rate: 0.00, nav time: 16.15, total reward: 0.2016
2019-07-29 14:37:36, INFO: TRAIN in episode 2 has success rate: 1.00, collision rate: 0.00, nav time: 17.10, total reward: 0.1671
2019-07-29 14:37:37, INFO: TRAIN in episode 3 has success rate: 1.00, collision rate: 0.00, nav time: 11.40, total reward: 0.3228
2019-07-29 14:37:38, INFO: TRAIN in episode 4 has success rate: 1.00, collision rate: 0.00, nav time: 9.50, total reward: 0.3863
2019-07-29 14:37:38, INFO: TRAIN in episode 5 has success rate: 1.00, collision rate: 0.00, nav time: 9.50, total reward: 0.4045
2019-07-29 14:37:39, INFO: TRAIN in episode 6 has success rate: 1.00, collision rate: 0.00, nav time: 9.50, total reward: 0.3533
2019-07-29 14:37:39, INFO: TRAIN in episode 7 has success rate: 1.00, collision rate: 0.00, nav time: 9.50, total reward: 0.4026
2019-07-29 14:37:40, INFO: TRAIN in episode 8 has success rate: 1.00, collision rate: 0.00, nav time: 10.45, total reward: 0.3675
2019-07-29 14:37:41, INFO: TRAIN in episode 9 has success rate: 1.00, collision rate: 0.00, nav time: 10.45, total reward: 0.3589
2019-07-29 14:38:17, INFO: TEST  in episode 10 has success rate: 0.80, collision rate: 0.20, nav time: 11.52, total reward: 0.2019
2019-07-29 14:38:17, INFO: Frequency of being in danger: 0.17 and average min separate distance in danger: 0.14
2019-07-29 14:38:17, WARNING: No handles with labels found to put in legend.
2019-07-29 14:38:17, WARNING: No handles with labels found to put in legend.
2019-07-29 14:38:17, WARNING: No handles with labels found to put in legend.
2019-07-29 14:38:17, WARNING: No handles with labels found to put in legend.
2019-07-29 14:38:17, WARNING: No handles with labels found to put in legend.
2019-07-29 14:38:17, WARNING: No handles with labels found to put in legend.
2019-07-29 14:38:17, WARNING: No handles with labels found to put in legend.
2019-07-29 14:38:17, WARNING: No handles with labels found to put in legend.
