2019-07-29 02:51:33, INFO: Current git head hash code: f0517594758d8def592affcc13c17aee3be0631f
2019-07-29 02:51:33, INFO: Using device: cpu
2019-07-29 02:51:33, INFO: Policy: CADRL without occupancy map
2019-07-29 02:51:33, INFO: human number: 5
2019-07-29 02:51:33, INFO: Not randomize human's radius and preferred speed
2019-07-29 02:51:33, INFO: Training simulation: circle_crossing, test simulation: circle_crossing
2019-07-29 02:51:33, INFO: Square width: 10.0, circle width: 4.0
2019-07-29 02:51:33, INFO: Current learning rate: 0.010000
2019-07-29 02:51:35, INFO: TRAIN has success rate: 1.00, collision rate: 0.00, nav time: 9.42, total reward: 0.3778
2019-07-29 02:51:35, INFO: Finish imitation learning. Weights saved.
2019-07-29 02:51:35, INFO: Experience set size: 100/100
2019-07-29 02:51:35, INFO: Agent is invisible and has holonomic kinematic constraint
2019-07-29 02:51:35, INFO: Current learning rate: 0.001000
2019-07-29 02:52:53, INFO: VAL   in episode 0 has success rate: 0.80, collision rate: 0.00, nav time: 10.24, total reward: 0.2643
2019-07-29 02:52:53, INFO: Frequency of being in danger: 3.18 and average min separate distance in danger: 0.05
2019-07-29 02:52:58, INFO: TRAIN in episode 0 has success rate: 1.00, collision rate: 0.00, nav time: 17.20, total reward: 0.1650
2019-07-29 02:53:03, INFO: TRAIN in episode 1 has success rate: 1.00, collision rate: 0.00, nav time: 18.60, total reward: 0.1424
2019-07-29 02:53:08, INFO: TRAIN in episode 2 has success rate: 1.00, collision rate: 0.00, nav time: 14.30, total reward: 0.1522
2019-07-29 02:53:15, INFO: TRAIN in episode 3 has success rate: 1.00, collision rate: 0.00, nav time: 11.70, total reward: 0.2946
2019-07-29 02:53:26, INFO: TRAIN in episode 4 has success rate: 1.00, collision rate: 0.00, nav time: 10.00, total reward: 0.3524
2019-07-29 02:53:37, INFO: TRAIN in episode 5 has success rate: 1.00, collision rate: 0.00, nav time: 10.70, total reward: 0.3273
2019-07-29 02:53:40, INFO: TRAIN in episode 6 has success rate: 0.00, collision rate: 1.00, nav time: 25.00, total reward: -0.1153
2019-07-29 02:54:03, INFO: TRAIN in episode 7 has success rate: 0.00, collision rate: 0.00, nav time: 25.00, total reward: 0.0000
2019-07-29 02:54:06, INFO: TRAIN in episode 8 has success rate: 0.00, collision rate: 1.00, nav time: 25.00, total reward: -0.1703
2019-07-29 02:54:15, INFO: TRAIN in episode 9 has success rate: 1.00, collision rate: 0.00, nav time: 11.50, total reward: 0.2229
2019-07-29 02:57:38, INFO: TEST  in episode 10 has success rate: 0.20, collision rate: 0.40, nav time: 13.07, total reward: -0.1078
2019-07-29 02:57:38, INFO: Frequency of being in danger: 13.70 and average min separate distance in danger: 0.05
2019-07-29 02:57:38, INFO: Current git head hash code: f0517594758d8def592affcc13c17aee3be0631f
2019-07-29 02:57:38, INFO: Using device: cpu
2019-07-29 02:57:38, INFO: Policy: CADRL without occupancy map
2019-07-29 02:57:38, INFO: human number: 5
2019-07-29 02:57:38, INFO: Not randomize human's radius and preferred speed
2019-07-29 02:57:38, INFO: Training simulation: circle_crossing, test simulation: circle_crossing
2019-07-29 02:57:38, INFO: Square width: 10.0, circle width: 4.0
2019-07-29 02:57:38, INFO: Current learning rate: 0.010000
2019-07-29 02:57:39, INFO: TRAIN has success rate: 1.00, collision rate: 0.00, nav time: 9.45, total reward: 0.3789
2019-07-29 02:57:39, INFO: Finish imitation learning. Weights saved.
2019-07-29 02:57:39, INFO: Experience set size: 100/100
2019-07-29 02:57:39, INFO: Agent is invisible and has holonomic kinematic constraint
2019-07-29 02:57:39, INFO: Current learning rate: 0.001000
2019-07-29 02:58:12, INFO: VAL   in episode 0 has success rate: 0.90, collision rate: 0.10, nav time: 10.60, total reward: 0.2410
2019-07-29 02:58:12, INFO: Frequency of being in danger: 8.03 and average min separate distance in danger: 0.09
2019-07-29 02:58:13, INFO: TRAIN in episode 0 has success rate: 0.00, collision rate: 1.00, nav time: 25.00, total reward: -0.1486
2019-07-29 02:58:17, INFO: TRAIN in episode 1 has success rate: 1.00, collision rate: 0.00, nav time: 20.55, total reward: 0.1166
2019-07-29 02:58:19, INFO: TRAIN in episode 2 has success rate: 1.00, collision rate: 0.00, nav time: 11.55, total reward: 0.2958
2019-07-29 02:58:23, INFO: TRAIN in episode 3 has success rate: 1.00, collision rate: 0.00, nav time: 14.40, total reward: 0.1649
2019-07-29 02:58:26, INFO: TRAIN in episode 4 has success rate: 1.00, collision rate: 0.00, nav time: 10.05, total reward: 0.3027
2019-07-29 02:58:29, INFO: TRAIN in episode 5 has success rate: 1.00, collision rate: 0.00, nav time: 9.75, total reward: 0.3270
2019-07-29 02:58:32, INFO: TRAIN in episode 6 has success rate: 1.00, collision rate: 0.00, nav time: 10.65, total reward: 0.2781
2019-07-29 02:58:36, INFO: TRAIN in episode 7 has success rate: 1.00, collision rate: 0.00, nav time: 11.55, total reward: 0.1850
2019-07-29 02:58:39, INFO: TRAIN in episode 8 has success rate: 1.00, collision rate: 0.00, nav time: 9.30, total reward: 0.3715
2019-07-29 02:58:42, INFO: TRAIN in episode 9 has success rate: 1.00, collision rate: 0.00, nav time: 9.60, total reward: 0.1455
2019-07-29 03:00:31, INFO: TEST  in episode 10 has success rate: 0.35, collision rate: 0.45, nav time: 12.13, total reward: -0.0072
2019-07-29 03:00:31, INFO: Frequency of being in danger: 6.69 and average min separate distance in danger: 0.11
2019-07-29 03:00:31, INFO: Current git head hash code: f0517594758d8def592affcc13c17aee3be0631f
2019-07-29 03:00:31, INFO: Using device: cpu
2019-07-29 03:00:31, INFO: Policy: CADRL without occupancy map
2019-07-29 03:00:31, INFO: human number: 5
2019-07-29 03:00:31, INFO: Not randomize human's radius and preferred speed
2019-07-29 03:00:31, INFO: Training simulation: circle_crossing, test simulation: circle_crossing
2019-07-29 03:00:31, INFO: Square width: 10.0, circle width: 4.0
2019-07-29 03:00:31, INFO: Current learning rate: 0.010000
2019-07-29 03:00:32, INFO: TRAIN has success rate: 1.00, collision rate: 0.00, nav time: 9.48, total reward: 0.3796
2019-07-29 03:00:32, INFO: Finish imitation learning. Weights saved.
2019-07-29 03:00:32, INFO: Experience set size: 100/100
2019-07-29 03:00:32, INFO: Agent is invisible and has holonomic kinematic constraint
2019-07-29 03:00:32, INFO: Current learning rate: 0.001000
2019-07-29 03:00:59, INFO: VAL   in episode 0 has success rate: 1.00, collision rate: 0.00, nav time: 11.52, total reward: 0.3072
2019-07-29 03:00:59, INFO: Frequency of being in danger: 1.00 and average min separate distance in danger: 0.17
2019-07-29 03:01:00, INFO: TRAIN in episode 0 has success rate: 0.00, collision rate: 1.00, nav time: 25.00, total reward: -0.1505
2019-07-29 03:01:03, INFO: TRAIN in episode 1 has success rate: 1.00, collision rate: 0.00, nav time: 22.00, total reward: 0.0814
2019-07-29 03:01:05, INFO: TRAIN in episode 2 has success rate: 1.00, collision rate: 0.00, nav time: 12.40, total reward: 0.2765
2019-07-29 03:01:10, INFO: TRAIN in episode 3 has success rate: 0.00, collision rate: 0.00, nav time: 25.00, total reward: -0.0019
2019-07-29 03:01:13, INFO: TRAIN in episode 4 has success rate: 1.00, collision rate: 0.00, nav time: 16.00, total reward: 0.1892
2019-07-29 03:01:16, INFO: TRAIN in episode 5 has success rate: 1.00, collision rate: 0.00, nav time: 13.80, total reward: 0.2386
2019-07-29 03:01:19, INFO: TRAIN in episode 6 has success rate: 1.00, collision rate: 0.00, nav time: 11.60, total reward: 0.3009
2019-07-29 03:01:22, INFO: TRAIN in episode 7 has success rate: 1.00, collision rate: 0.00, nav time: 13.80, total reward: 0.1392
2019-07-29 03:01:24, INFO: TRAIN in episode 8 has success rate: 1.00, collision rate: 0.00, nav time: 10.00, total reward: 0.3561
2019-07-29 03:01:26, INFO: TRAIN in episode 9 has success rate: 1.00, collision rate: 0.00, nav time: 9.80, total reward: 0.1784
2019-07-29 03:02:59, INFO: TEST  in episode 10 has success rate: 0.50, collision rate: 0.30, nav time: 13.34, total reward: 0.0279
2019-07-29 03:02:59, INFO: Frequency of being in danger: 5.41 and average min separate distance in danger: 0.11
2019-07-29 03:02:59, INFO: Current git head hash code: f0517594758d8def592affcc13c17aee3be0631f
2019-07-29 03:02:59, INFO: Using device: cpu
2019-07-29 03:02:59, INFO: Policy: CADRL without occupancy map
2019-07-29 03:02:59, INFO: human number: 5
2019-07-29 03:02:59, INFO: Not randomize human's radius and preferred speed
2019-07-29 03:02:59, INFO: Training simulation: circle_crossing, test simulation: circle_crossing
2019-07-29 03:02:59, INFO: Square width: 10.0, circle width: 4.0
2019-07-29 03:02:59, INFO: Current learning rate: 0.010000
2019-07-29 03:03:00, INFO: TRAIN has success rate: 1.00, collision rate: 0.00, nav time: 9.46, total reward: 0.3823
2019-07-29 03:03:00, INFO: Finish imitation learning. Weights saved.
2019-07-29 03:03:00, INFO: Experience set size: 100/100
2019-07-29 03:03:00, INFO: Agent is invisible and has holonomic kinematic constraint
2019-07-29 03:03:00, INFO: Current learning rate: 0.001000
2019-07-29 03:03:20, INFO: VAL   in episode 0 has success rate: 1.00, collision rate: 0.00, nav time: 10.33, total reward: 0.3179
2019-07-29 03:03:20, INFO: Frequency of being in danger: 1.16 and average min separate distance in danger: 0.04
2019-07-29 03:03:22, INFO: TRAIN in episode 0 has success rate: 1.00, collision rate: 0.00, nav time: 18.50, total reward: 0.1012
2019-07-29 03:03:22, INFO: TRAIN in episode 1 has success rate: 0.00, collision rate: 1.00, nav time: 25.00, total reward: -0.1580
2019-07-29 03:03:24, INFO: TRAIN in episode 2 has success rate: 1.00, collision rate: 0.00, nav time: 13.25, total reward: 0.2542
2019-07-29 03:03:26, INFO: TRAIN in episode 3 has success rate: 1.00, collision rate: 0.00, nav time: 11.25, total reward: 0.3138
2019-07-29 03:03:28, INFO: TRAIN in episode 4 has success rate: 1.00, collision rate: 0.00, nav time: 10.50, total reward: 0.3396
2019-07-29 03:03:31, INFO: TRAIN in episode 5 has success rate: 1.00, collision rate: 0.00, nav time: 11.25, total reward: 0.3138
2019-07-29 03:03:32, INFO: TRAIN in episode 6 has success rate: 1.00, collision rate: 0.00, nav time: 9.75, total reward: 0.3675
2019-07-29 03:03:34, INFO: TRAIN in episode 7 has success rate: 0.00, collision rate: 1.00, nav time: 25.00, total reward: -0.1626
2019-07-29 03:03:36, INFO: TRAIN in episode 8 has success rate: 1.00, collision rate: 0.00, nav time: 10.50, total reward: 0.3396
2019-07-29 03:03:38, INFO: TRAIN in episode 9 has success rate: 1.00, collision rate: 0.00, nav time: 9.50, total reward: 0.0243
2019-07-29 03:04:36, INFO: TEST  in episode 10 has success rate: 0.75, collision rate: 0.25, nav time: 11.02, total reward: 0.1649
2019-07-29 03:04:36, INFO: Frequency of being in danger: 2.67 and average min separate distance in danger: 0.10
2019-07-29 03:04:36, INFO: Current git head hash code: f0517594758d8def592affcc13c17aee3be0631f
2019-07-29 03:04:36, INFO: Using device: cpu
2019-07-29 03:04:36, INFO: Policy: CADRL without occupancy map
2019-07-29 03:04:36, INFO: human number: 5
2019-07-29 03:04:36, INFO: Not randomize human's radius and preferred speed
2019-07-29 03:04:36, INFO: Training simulation: circle_crossing, test simulation: circle_crossing
2019-07-29 03:04:36, INFO: Square width: 10.0, circle width: 4.0
2019-07-29 03:04:36, INFO: Current learning rate: 0.010000
2019-07-29 03:04:36, INFO: TRAIN has success rate: 1.00, collision rate: 0.00, nav time: 9.54, total reward: 0.3816
2019-07-29 03:04:36, INFO: Finish imitation learning. Weights saved.
2019-07-29 03:04:36, INFO: Experience set size: 100/100
2019-07-29 03:04:36, INFO: Agent is invisible and has holonomic kinematic constraint
2019-07-29 03:04:36, INFO: Current learning rate: 0.001000
2019-07-29 03:04:53, INFO: VAL   in episode 0 has success rate: 1.00, collision rate: 0.00, nav time: 10.29, total reward: 0.3421
2019-07-29 03:04:53, INFO: Frequency of being in danger: 0.42 and average min separate distance in danger: 0.12
2019-07-29 03:04:54, INFO: TRAIN in episode 0 has success rate: 1.00, collision rate: 0.00, nav time: 16.20, total reward: 0.1869
2019-07-29 03:04:56, INFO: TRAIN in episode 1 has success rate: 1.00, collision rate: 0.00, nav time: 18.00, total reward: 0.1533
2019-07-29 03:04:58, INFO: TRAIN in episode 2 has success rate: 1.00, collision rate: 0.00, nav time: 15.90, total reward: 0.1933
2019-07-29 03:04:59, INFO: TRAIN in episode 3 has success rate: 1.00, collision rate: 0.00, nav time: 10.20, total reward: 0.3063
2019-07-29 03:05:01, INFO: TRAIN in episode 4 has success rate: 1.00, collision rate: 0.00, nav time: 10.80, total reward: 0.3308
2019-07-29 03:05:03, INFO: TRAIN in episode 5 has success rate: 1.00, collision rate: 0.00, nav time: 9.60, total reward: 0.3754
2019-07-29 03:05:05, INFO: TRAIN in episode 6 has success rate: 1.00, collision rate: 0.00, nav time: 15.00, total reward: 0.2125
2019-07-29 03:05:06, INFO: TRAIN in episode 7 has success rate: 0.00, collision rate: 1.00, nav time: 25.00, total reward: -0.1455
2019-07-29 03:05:08, INFO: TRAIN in episode 8 has success rate: 1.00, collision rate: 0.00, nav time: 12.60, total reward: 0.2736
2019-07-29 03:05:10, INFO: TRAIN in episode 9 has success rate: 1.00, collision rate: 0.00, nav time: 12.30, total reward: 0.2824
2019-07-29 03:06:31, INFO: TEST  in episode 10 has success rate: 0.60, collision rate: 0.25, nav time: 11.95, total reward: 0.1091
2019-07-29 03:06:31, INFO: Frequency of being in danger: 3.58 and average min separate distance in danger: 0.16
2019-07-29 03:06:31, INFO: Current git head hash code: f0517594758d8def592affcc13c17aee3be0631f
2019-07-29 03:06:31, INFO: Using device: cpu
2019-07-29 03:06:31, INFO: Policy: CADRL without occupancy map
2019-07-29 03:06:31, INFO: human number: 5
2019-07-29 03:06:31, INFO: Not randomize human's radius and preferred speed
2019-07-29 03:06:31, INFO: Training simulation: circle_crossing, test simulation: circle_crossing
2019-07-29 03:06:31, INFO: Square width: 10.0, circle width: 4.0
2019-07-29 03:06:31, INFO: Current learning rate: 0.010000
2019-07-29 03:06:31, INFO: TRAIN has success rate: 1.00, collision rate: 0.00, nav time: 9.51, total reward: 0.3846
2019-07-29 03:06:31, INFO: Finish imitation learning. Weights saved.
2019-07-29 03:06:31, INFO: Experience set size: 100/100
2019-07-29 03:06:31, INFO: Agent is invisible and has holonomic kinematic constraint
2019-07-29 03:06:31, INFO: Current learning rate: 0.001000
2019-07-29 03:07:01, INFO: VAL   in episode 0 has success rate: 1.00, collision rate: 0.00, nav time: 9.62, total reward: 0.3593
2019-07-29 03:07:01, INFO: Frequency of being in danger: 0.56 and average min separate distance in danger: 0.11
2019-07-29 03:07:02, INFO: TRAIN in episode 0 has success rate: 0.00, collision rate: 1.00, nav time: 25.00, total reward: -0.1368
2019-07-29 03:07:05, INFO: TRAIN in episode 1 has success rate: 1.00, collision rate: 0.00, nav time: 17.85, total reward: 0.1537
2019-07-29 03:07:07, INFO: TRAIN in episode 2 has success rate: 1.00, collision rate: 0.00, nav time: 12.60, total reward: 0.2751
2019-07-29 03:07:09, INFO: TRAIN in episode 3 has success rate: 1.00, collision rate: 0.00, nav time: 11.20, total reward: 0.3188
2019-07-29 03:07:10, INFO: TRAIN in episode 4 has success rate: 1.00, collision rate: 0.00, nav time: 10.15, total reward: 0.3489
2019-07-29 03:07:12, INFO: TRAIN in episode 5 has success rate: 1.00, collision rate: 0.00, nav time: 10.15, total reward: 0.3514
2019-07-29 03:07:13, INFO: TRAIN in episode 6 has success rate: 1.00, collision rate: 0.00, nav time: 9.80, total reward: 0.3695
2019-07-29 03:07:14, INFO: TRAIN in episode 7 has success rate: 0.00, collision rate: 1.00, nav time: 25.00, total reward: -0.1471
2019-07-29 03:07:15, INFO: TRAIN in episode 8 has success rate: 1.00, collision rate: 0.00, nav time: 9.10, total reward: 0.3836
2019-07-29 03:07:17, INFO: TRAIN in episode 9 has success rate: 1.00, collision rate: 0.00, nav time: 9.45, total reward: 0.2917
2019-07-29 03:08:39, INFO: TEST  in episode 10 has success rate: 0.10, collision rate: 0.15, nav time: 10.15, total reward: 0.0003
2019-07-29 03:08:39, INFO: Frequency of being in danger: 0.29 and average min separate distance in danger: 0.15
2019-07-29 03:08:39, INFO: Current git head hash code: f0517594758d8def592affcc13c17aee3be0631f
2019-07-29 03:08:39, INFO: Using device: cpu
2019-07-29 03:08:39, INFO: Policy: CADRL without occupancy map
2019-07-29 03:08:39, INFO: human number: 5
2019-07-29 03:08:39, INFO: Not randomize human's radius and preferred speed
2019-07-29 03:08:39, INFO: Training simulation: circle_crossing, test simulation: circle_crossing
2019-07-29 03:08:39, INFO: Square width: 10.0, circle width: 4.0
2019-07-29 03:08:39, INFO: Current learning rate: 0.010000
2019-07-29 03:08:39, INFO: TRAIN has success rate: 1.00, collision rate: 0.00, nav time: 9.59, total reward: 0.3841
2019-07-29 03:08:39, INFO: Finish imitation learning. Weights saved.
2019-07-29 03:08:39, INFO: Experience set size: 100/100
2019-07-29 03:08:39, INFO: Agent is invisible and has holonomic kinematic constraint
2019-07-29 03:08:39, INFO: Current learning rate: 0.001000
2019-07-29 03:08:51, INFO: VAL   in episode 0 has success rate: 0.90, collision rate: 0.10, nav time: 10.27, total reward: 0.2538
2019-07-29 03:08:51, INFO: Frequency of being in danger: 1.02 and average min separate distance in danger: 0.07
2019-07-29 03:08:52, INFO: TRAIN in episode 0 has success rate: 1.00, collision rate: 0.00, nav time: 19.60, total reward: 0.1323
2019-07-29 03:08:53, INFO: TRAIN in episode 1 has success rate: 1.00, collision rate: 0.00, nav time: 20.00, total reward: 0.1268
2019-07-29 03:08:54, INFO: TRAIN in episode 2 has success rate: 0.00, collision rate: 1.00, nav time: 25.00, total reward: -0.1963
2019-07-29 03:08:55, INFO: TRAIN in episode 3 has success rate: 1.00, collision rate: 0.00, nav time: 11.20, total reward: 0.3205
2019-07-29 03:08:57, INFO: TRAIN in episode 4 has success rate: 1.00, collision rate: 0.00, nav time: 16.40, total reward: 0.1853
2019-07-29 03:08:59, INFO: TRAIN in episode 5 has success rate: 1.00, collision rate: 0.00, nav time: 14.80, total reward: 0.2108
2019-07-29 03:09:00, INFO: TRAIN in episode 6 has success rate: 1.00, collision rate: 0.00, nav time: 10.40, total reward: 0.2278
2019-07-29 03:09:01, INFO: TRAIN in episode 7 has success rate: 1.00, collision rate: 0.00, nav time: 10.40, total reward: 0.3462
2019-07-29 03:09:03, INFO: TRAIN in episode 8 has success rate: 1.00, collision rate: 0.00, nav time: 12.80, total reward: 0.1252
2019-07-29 03:09:04, INFO: TRAIN in episode 9 has success rate: 1.00, collision rate: 0.00, nav time: 12.00, total reward: 0.2285
2019-07-29 03:10:35, INFO: TEST  in episode 10 has success rate: 0.05, collision rate: 0.00, nav time: 11.20, total reward: 0.0142
2019-07-29 03:10:35, INFO: Frequency of being in danger: 0.03 and average min separate distance in danger: 0.14
2019-07-29 03:10:35, INFO: Current git head hash code: f0517594758d8def592affcc13c17aee3be0631f
2019-07-29 03:10:35, INFO: Using device: cpu
2019-07-29 03:10:35, INFO: Policy: CADRL without occupancy map
2019-07-29 03:10:35, INFO: human number: 5
2019-07-29 03:10:35, INFO: Not randomize human's radius and preferred speed
2019-07-29 03:10:35, INFO: Training simulation: circle_crossing, test simulation: circle_crossing
2019-07-29 03:10:35, INFO: Square width: 10.0, circle width: 4.0
2019-07-29 03:10:35, INFO: Current learning rate: 0.010000
2019-07-29 03:10:36, INFO: TRAIN has success rate: 1.00, collision rate: 0.00, nav time: 9.59, total reward: 0.3861
2019-07-29 03:10:36, INFO: Finish imitation learning. Weights saved.
2019-07-29 03:10:36, INFO: Experience set size: 100/100
2019-07-29 03:10:36, INFO: Agent is invisible and has holonomic kinematic constraint
2019-07-29 03:10:36, INFO: Current learning rate: 0.001000
2019-07-29 03:10:46, INFO: VAL   in episode 0 has success rate: 1.00, collision rate: 0.00, nav time: 9.31, total reward: 0.3505
2019-07-29 03:10:46, INFO: Frequency of being in danger: 0.79 and average min separate distance in danger: 0.09
2019-07-29 03:10:47, INFO: TRAIN in episode 0 has success rate: 1.00, collision rate: 0.00, nav time: 17.55, total reward: 0.1650
2019-07-29 03:10:48, INFO: TRAIN in episode 1 has success rate: 1.00, collision rate: 0.00, nav time: 18.45, total reward: 0.1501
2019-07-29 03:10:48, INFO: TRAIN in episode 2 has success rate: 0.00, collision rate: 1.00, nav time: 25.00, total reward: -0.1709
2019-07-29 03:10:50, INFO: TRAIN in episode 3 has success rate: 1.00, collision rate: 0.00, nav time: 10.35, total reward: 0.3524
2019-07-29 03:10:51, INFO: TRAIN in episode 4 has success rate: 1.00, collision rate: 0.00, nav time: 8.55, total reward: 0.4260
2019-07-29 03:10:52, INFO: TRAIN in episode 5 has success rate: 1.00, collision rate: 0.00, nav time: 8.55, total reward: 0.4260
2019-07-29 03:10:53, INFO: TRAIN in episode 6 has success rate: 1.00, collision rate: 0.00, nav time: 9.45, total reward: 0.2982
2019-07-29 03:10:54, INFO: TRAIN in episode 7 has success rate: 1.00, collision rate: 0.00, nav time: 9.90, total reward: 0.2428
2019-07-29 03:10:55, INFO: TRAIN in episode 8 has success rate: 1.00, collision rate: 0.00, nav time: 12.60, total reward: 0.1572
2019-07-29 03:10:57, INFO: TRAIN in episode 9 has success rate: 1.00, collision rate: 0.00, nav time: 11.70, total reward: 0.2723
2019-07-29 03:11:52, INFO: TEST  in episode 10 has success rate: 0.70, collision rate: 0.25, nav time: 10.67, total reward: 0.1204
2019-07-29 03:11:52, INFO: Frequency of being in danger: 1.88 and average min separate distance in danger: 0.13
2019-07-29 03:11:52, INFO: Current git head hash code: f0517594758d8def592affcc13c17aee3be0631f
2019-07-29 03:11:52, INFO: Using device: cpu
2019-07-29 03:11:52, INFO: Policy: CADRL without occupancy map
2019-07-29 03:11:52, INFO: human number: 5
2019-07-29 03:11:52, INFO: Not randomize human's radius and preferred speed
2019-07-29 03:11:52, INFO: Training simulation: circle_crossing, test simulation: circle_crossing
2019-07-29 03:11:52, INFO: Square width: 10.0, circle width: 4.0
2019-07-29 03:11:52, INFO: Current learning rate: 0.010000
2019-07-29 03:11:52, INFO: TRAIN has success rate: 1.00, collision rate: 0.00, nav time: 9.68, total reward: 0.3849
2019-07-29 03:11:52, INFO: Finish imitation learning. Weights saved.
2019-07-29 03:11:52, INFO: Experience set size: 100/100
2019-07-29 03:11:52, INFO: Agent is invisible and has holonomic kinematic constraint
2019-07-29 03:11:52, INFO: Current learning rate: 0.001000
2019-07-29 03:12:01, INFO: VAL   in episode 0 has success rate: 1.00, collision rate: 0.00, nav time: 9.65, total reward: 0.3720
2019-07-29 03:12:01, INFO: Frequency of being in danger: 0.21 and average min separate distance in danger: 0.10
2019-07-29 03:12:02, INFO: TRAIN in episode 0 has success rate: 1.00, collision rate: 0.00, nav time: 16.50, total reward: 0.1853
2019-07-29 03:12:03, INFO: TRAIN in episode 1 has success rate: 1.00, collision rate: 0.00, nav time: 20.00, total reward: 0.1282
2019-07-29 03:12:05, INFO: TRAIN in episode 2 has success rate: 1.00, collision rate: 0.00, nav time: 11.00, total reward: 0.3308
2019-07-29 03:12:06, INFO: TRAIN in episode 3 has success rate: 1.00, collision rate: 0.00, nav time: 10.50, total reward: 0.3487
2019-07-29 03:12:07, INFO: TRAIN in episode 4 has success rate: 1.00, collision rate: 0.00, nav time: 9.00, total reward: 0.4084
2019-07-29 03:12:08, INFO: TRAIN in episode 5 has success rate: 1.00, collision rate: 0.00, nav time: 9.00, total reward: 0.4084
2019-07-29 03:12:09, INFO: TRAIN in episode 6 has success rate: 0.00, collision rate: 1.00, nav time: 25.00, total reward: -0.1142
2019-07-29 03:12:10, INFO: TRAIN in episode 7 has success rate: 1.00, collision rate: 0.00, nav time: 9.00, total reward: 0.3998
2019-07-29 03:12:11, INFO: TRAIN in episode 8 has success rate: 1.00, collision rate: 0.00, nav time: 12.50, total reward: 0.2773
2019-07-29 03:12:12, INFO: TRAIN in episode 9 has success rate: 1.00, collision rate: 0.00, nav time: 11.50, total reward: 0.3134
2019-07-29 03:12:48, INFO: TEST  in episode 10 has success rate: 0.75, collision rate: 0.10, nav time: 11.13, total reward: 0.2120
2019-07-29 03:12:48, INFO: Frequency of being in danger: 1.09 and average min separate distance in danger: 0.18
2019-07-29 03:12:48, INFO: Current git head hash code: f0517594758d8def592affcc13c17aee3be0631f
2019-07-29 03:12:48, INFO: Using device: cpu
2019-07-29 03:12:48, INFO: Policy: CADRL without occupancy map
2019-07-29 03:12:48, INFO: human number: 5
2019-07-29 03:12:48, INFO: Not randomize human's radius and preferred speed
2019-07-29 03:12:48, INFO: Training simulation: circle_crossing, test simulation: circle_crossing
2019-07-29 03:12:48, INFO: Square width: 10.0, circle width: 4.0
2019-07-29 03:12:48, INFO: Current learning rate: 0.010000
2019-07-29 03:12:49, INFO: TRAIN has success rate: 1.00, collision rate: 0.00, nav time: 9.70, total reward: 0.3856
2019-07-29 03:12:49, INFO: Finish imitation learning. Weights saved.
2019-07-29 03:12:49, INFO: Experience set size: 100/100
2019-07-29 03:12:49, INFO: Agent is invisible and has holonomic kinematic constraint
2019-07-29 03:12:49, INFO: Current learning rate: 0.001000
2019-07-29 03:12:57, INFO: VAL   in episode 0 has success rate: 1.00, collision rate: 0.00, nav time: 9.35, total reward: 0.3580
2019-07-29 03:12:57, INFO: Frequency of being in danger: 0.54 and average min separate distance in danger: 0.10
2019-07-29 03:12:58, INFO: TRAIN in episode 0 has success rate: 1.00, collision rate: 0.00, nav time: 16.50, total reward: 0.1835
2019-07-29 03:12:59, INFO: TRAIN in episode 1 has success rate: 1.00, collision rate: 0.00, nav time: 15.40, total reward: 0.2092
2019-07-29 03:12:59, INFO: TRAIN in episode 2 has success rate: 1.00, collision rate: 0.00, nav time: 11.00, total reward: 0.2945
2019-07-29 03:13:00, INFO: TRAIN in episode 3 has success rate: 1.00, collision rate: 0.00, nav time: 10.45, total reward: 0.3112
2019-07-29 03:13:01, INFO: TRAIN in episode 4 has success rate: 1.00, collision rate: 0.00, nav time: 8.25, total reward: 0.4443
2019-07-29 03:13:02, INFO: TRAIN in episode 5 has success rate: 1.00, collision rate: 0.00, nav time: 8.25, total reward: 0.4367
2019-07-29 03:13:03, INFO: TRAIN in episode 6 has success rate: 1.00, collision rate: 0.00, nav time: 9.35, total reward: 0.2376
2019-07-29 03:13:04, INFO: TRAIN in episode 7 has success rate: 1.00, collision rate: 0.00, nav time: 8.25, total reward: 0.4443
2019-07-29 03:13:05, INFO: TRAIN in episode 8 has success rate: 1.00, collision rate: 0.00, nav time: 12.65, total reward: 0.1033
2019-07-29 03:13:07, INFO: TRAIN in episode 9 has success rate: 1.00, collision rate: 0.00, nav time: 11.55, total reward: 0.2908
2019-07-29 03:14:09, INFO: TEST  in episode 10 has success rate: 0.75, collision rate: 0.25, nav time: 11.48, total reward: 0.1328
2019-07-29 03:14:09, INFO: Frequency of being in danger: 0.92 and average min separate distance in danger: 0.11
2019-07-29 03:14:09, INFO: Current git head hash code: f0517594758d8def592affcc13c17aee3be0631f
2019-07-29 03:14:09, INFO: Using device: cpu
2019-07-29 03:14:09, INFO: Policy: CADRL without occupancy map
2019-07-29 03:14:09, INFO: human number: 5
2019-07-29 03:14:09, INFO: Not randomize human's radius and preferred speed
2019-07-29 03:14:09, INFO: Training simulation: circle_crossing, test simulation: circle_crossing
2019-07-29 03:14:09, INFO: Square width: 10.0, circle width: 4.0
2019-07-29 03:14:09, INFO: Current learning rate: 0.010000
2019-07-29 03:14:09, INFO: TRAIN has success rate: 1.00, collision rate: 0.00, nav time: 9.78, total reward: 0.3857
2019-07-29 03:14:09, INFO: Finish imitation learning. Weights saved.
2019-07-29 03:14:09, INFO: Experience set size: 100/100
2019-07-29 03:14:09, INFO: Agent is invisible and has holonomic kinematic constraint
2019-07-29 03:14:09, INFO: Current learning rate: 0.001000
2019-07-29 03:14:20, INFO: VAL   in episode 0 has success rate: 1.00, collision rate: 0.00, nav time: 10.74, total reward: 0.3259
2019-07-29 03:14:20, INFO: Frequency of being in danger: 0.33 and average min separate distance in danger: 0.12
2019-07-29 03:14:20, INFO: TRAIN in episode 0 has success rate: 1.00, collision rate: 0.00, nav time: 18.00, total reward: 0.1599
2019-07-29 03:14:21, INFO: TRAIN in episode 1 has success rate: 1.00, collision rate: 0.00, nav time: 16.80, total reward: 0.1814
2019-07-29 03:14:22, INFO: TRAIN in episode 2 has success rate: 1.00, collision rate: 0.00, nav time: 15.00, total reward: 0.1004
2019-07-29 03:14:23, INFO: TRAIN in episode 3 has success rate: 1.00, collision rate: 0.00, nav time: 9.60, total reward: 0.3817
2019-07-29 03:14:24, INFO: TRAIN in episode 4 has success rate: 1.00, collision rate: 0.00, nav time: 8.40, total reward: 0.4396
2019-07-29 03:14:25, INFO: TRAIN in episode 5 has success rate: 1.00, collision rate: 0.00, nav time: 9.00, total reward: 0.4127
2019-07-29 03:14:25, INFO: TRAIN in episode 6 has success rate: 0.00, collision rate: 1.00, nav time: 25.00, total reward: -0.1941
2019-07-29 03:14:26, INFO: TRAIN in episode 7 has success rate: 1.00, collision rate: 0.00, nav time: 9.00, total reward: 0.4127
2019-07-29 03:14:27, INFO: TRAIN in episode 8 has success rate: 1.00, collision rate: 0.00, nav time: 10.80, total reward: 0.3000
2019-07-29 03:14:28, INFO: TRAIN in episode 9 has success rate: 1.00, collision rate: 0.00, nav time: 12.00, total reward: 0.2643
2019-07-29 03:14:54, INFO: TEST  in episode 10 has success rate: 0.85, collision rate: 0.15, nav time: 11.79, total reward: 0.2250
2019-07-29 03:14:54, INFO: Frequency of being in danger: 0.41 and average min separate distance in danger: 0.16
2019-07-29 03:14:54, INFO: Current git head hash code: f0517594758d8def592affcc13c17aee3be0631f
2019-07-29 03:14:54, INFO: Using device: cpu
2019-07-29 03:14:54, INFO: Policy: CADRL without occupancy map
2019-07-29 03:14:54, INFO: human number: 5
2019-07-29 03:14:54, INFO: Not randomize human's radius and preferred speed
2019-07-29 03:14:54, INFO: Training simulation: circle_crossing, test simulation: circle_crossing
2019-07-29 03:14:54, INFO: Square width: 10.0, circle width: 4.0
2019-07-29 03:14:54, INFO: Current learning rate: 0.010000
2019-07-29 03:14:54, INFO: TRAIN has success rate: 1.00, collision rate: 0.00, nav time: 9.97, total reward: 0.3821
2019-07-29 03:14:54, INFO: Finish imitation learning. Weights saved.
2019-07-29 03:14:54, INFO: Experience set size: 100/100
2019-07-29 03:14:54, INFO: Agent is invisible and has holonomic kinematic constraint
2019-07-29 03:14:54, INFO: Current learning rate: 0.001000
2019-07-29 03:15:02, INFO: VAL   in episode 0 has success rate: 1.00, collision rate: 0.00, nav time: 10.40, total reward: 0.3587
2019-07-29 03:15:02, INFO: Frequency of being in danger: 0.19 and average min separate distance in danger: 0.17
2019-07-29 03:15:03, INFO: TRAIN in episode 0 has success rate: 1.00, collision rate: 0.00, nav time: 16.90, total reward: 0.1805
2019-07-29 03:15:04, INFO: TRAIN in episode 1 has success rate: 1.00, collision rate: 0.00, nav time: 15.60, total reward: 0.2070
2019-07-29 03:15:04, INFO: TRAIN in episode 2 has success rate: 1.00, collision rate: 0.00, nav time: 12.35, total reward: 0.2795
2019-07-29 03:15:06, INFO: TRAIN in episode 3 has success rate: 1.00, collision rate: 0.00, nav time: 9.75, total reward: 0.3834
2019-07-29 03:15:08, INFO: TRAIN in episode 4 has success rate: 1.00, collision rate: 0.00, nav time: 9.10, total reward: 0.4105
2019-07-29 03:15:09, INFO: TRAIN in episode 5 has success rate: 1.00, collision rate: 0.00, nav time: 9.10, total reward: 0.4103
2019-07-29 03:15:11, INFO: TRAIN in episode 6 has success rate: 1.00, collision rate: 0.00, nav time: 9.75, total reward: 0.3555
2019-07-29 03:15:13, INFO: TRAIN in episode 7 has success rate: 1.00, collision rate: 0.00, nav time: 9.10, total reward: 0.4105
2019-07-29 03:15:14, INFO: TRAIN in episode 8 has success rate: 1.00, collision rate: 0.00, nav time: 10.40, total reward: 0.3580
2019-07-29 03:15:15, INFO: TRAIN in episode 9 has success rate: 1.00, collision rate: 0.00, nav time: 11.70, total reward: 0.3049
2019-07-29 03:15:41, INFO: TEST  in episode 10 has success rate: 0.90, collision rate: 0.05, nav time: 11.52, total reward: 0.2547
2019-07-29 03:15:41, INFO: Frequency of being in danger: 0.61 and average min separate distance in danger: 0.16
2019-07-29 03:15:41, INFO: Current git head hash code: f0517594758d8def592affcc13c17aee3be0631f
2019-07-29 03:15:41, INFO: Using device: cpu
2019-07-29 03:15:41, INFO: Policy: CADRL without occupancy map
2019-07-29 03:15:41, INFO: human number: 5
2019-07-29 03:15:41, INFO: Not randomize human's radius and preferred speed
2019-07-29 03:15:41, INFO: Training simulation: circle_crossing, test simulation: circle_crossing
2019-07-29 03:15:41, INFO: Square width: 10.0, circle width: 4.0
2019-07-29 03:15:41, INFO: Current learning rate: 0.010000
2019-07-29 03:15:41, INFO: TRAIN has success rate: 1.00, collision rate: 0.00, nav time: 9.92, total reward: 0.3864
2019-07-29 03:15:41, INFO: Finish imitation learning. Weights saved.
2019-07-29 03:15:41, INFO: Experience set size: 100/100
2019-07-29 03:15:41, INFO: Agent is invisible and has holonomic kinematic constraint
2019-07-29 03:15:41, INFO: Current learning rate: 0.001000
2019-07-29 03:15:48, INFO: VAL   in episode 0 has success rate: 1.00, collision rate: 0.00, nav time: 10.08, total reward: 0.3572
2019-07-29 03:15:48, INFO: Frequency of being in danger: 0.28 and average min separate distance in danger: 0.15
2019-07-29 03:15:49, INFO: TRAIN in episode 0 has success rate: 1.00, collision rate: 0.00, nav time: 17.50, total reward: 0.1703
2019-07-29 03:15:49, INFO: TRAIN in episode 1 has success rate: 1.00, collision rate: 0.00, nav time: 16.10, total reward: 0.1974
2019-07-29 03:15:50, INFO: TRAIN in episode 2 has success rate: 1.00, collision rate: 0.00, nav time: 11.90, total reward: 0.2422
2019-07-29 03:15:50, INFO: TRAIN in episode 3 has success rate: 1.00, collision rate: 0.00, nav time: 9.80, total reward: 0.3834
2019-07-29 03:15:51, INFO: TRAIN in episode 4 has success rate: 1.00, collision rate: 0.00, nav time: 8.40, total reward: 0.4407
2019-07-29 03:15:52, INFO: TRAIN in episode 5 has success rate: 1.00, collision rate: 0.00, nav time: 8.40, total reward: 0.4206
2019-07-29 03:15:52, INFO: TRAIN in episode 6 has success rate: 1.00, collision rate: 0.00, nav time: 9.10, total reward: 0.3722
2019-07-29 03:15:53, INFO: TRAIN in episode 7 has success rate: 1.00, collision rate: 0.00, nav time: 9.10, total reward: 0.4127
2019-07-29 03:15:54, INFO: TRAIN in episode 8 has success rate: 1.00, collision rate: 0.00, nav time: 13.30, total reward: 0.2651
2019-07-29 03:15:54, INFO: TRAIN in episode 9 has success rate: 0.00, collision rate: 1.00, nav time: 25.00, total reward: -0.1051
2019-07-29 03:16:16, INFO: TEST  in episode 10 has success rate: 0.90, collision rate: 0.10, nav time: 10.85, total reward: 0.2526
2019-07-29 03:16:16, INFO: Frequency of being in danger: 0.50 and average min separate distance in danger: 0.14
2019-07-29 03:16:16, INFO: Current git head hash code: f0517594758d8def592affcc13c17aee3be0631f
2019-07-29 03:16:16, INFO: Using device: cpu
2019-07-29 03:16:16, INFO: Policy: CADRL without occupancy map
2019-07-29 03:16:16, INFO: human number: 5
2019-07-29 03:16:16, INFO: Not randomize human's radius and preferred speed
2019-07-29 03:16:16, INFO: Training simulation: circle_crossing, test simulation: circle_crossing
2019-07-29 03:16:16, INFO: Square width: 10.0, circle width: 4.0
2019-07-29 03:16:16, INFO: Current learning rate: 0.010000
2019-07-29 03:16:16, INFO: TRAIN has success rate: 1.00, collision rate: 0.00, nav time: 9.75, total reward: 0.3923
2019-07-29 03:16:16, INFO: Finish imitation learning. Weights saved.
2019-07-29 03:16:16, INFO: Experience set size: 100/100
2019-07-29 03:16:16, INFO: Agent is invisible and has holonomic kinematic constraint
2019-07-29 03:16:16, INFO: Current learning rate: 0.001000
2019-07-29 03:16:22, INFO: VAL   in episode 0 has success rate: 1.00, collision rate: 0.00, nav time: 9.68, total reward: 0.3796
2019-07-29 03:16:22, INFO: Frequency of being in danger: 0.14 and average min separate distance in danger: 0.12
2019-07-29 03:16:23, INFO: TRAIN in episode 0 has success rate: 1.00, collision rate: 0.00, nav time: 18.75, total reward: 0.1501
2019-07-29 03:16:23, INFO: TRAIN in episode 1 has success rate: 1.00, collision rate: 0.00, nav time: 15.75, total reward: 0.2059
2019-07-29 03:16:24, INFO: TRAIN in episode 2 has success rate: 1.00, collision rate: 0.00, nav time: 12.75, total reward: 0.2759
2019-07-29 03:16:25, INFO: TRAIN in episode 3 has success rate: 1.00, collision rate: 0.00, nav time: 9.75, total reward: 0.3874
2019-07-29 03:16:25, INFO: TRAIN in episode 4 has success rate: 1.00, collision rate: 0.00, nav time: 9.00, total reward: 0.4193
2019-07-29 03:16:26, INFO: TRAIN in episode 5 has success rate: 1.00, collision rate: 0.00, nav time: 9.00, total reward: 0.4193
2019-07-29 03:16:27, INFO: TRAIN in episode 6 has success rate: 1.00, collision rate: 0.00, nav time: 9.75, total reward: 0.3715
2019-07-29 03:16:27, INFO: TRAIN in episode 7 has success rate: 1.00, collision rate: 0.00, nav time: 9.00, total reward: 0.4193
2019-07-29 03:16:28, INFO: TRAIN in episode 8 has success rate: 1.00, collision rate: 0.00, nav time: 13.50, total reward: 0.2495
2019-07-29 03:16:29, INFO: TRAIN in episode 9 has success rate: 1.00, collision rate: 0.00, nav time: 12.00, total reward: 0.2822
2019-07-29 03:16:52, INFO: TEST  in episode 10 has success rate: 0.85, collision rate: 0.10, nav time: 11.91, total reward: 0.2106
2019-07-29 03:16:52, INFO: Frequency of being in danger: 0.36 and average min separate distance in danger: 0.15
2019-07-29 03:16:52, INFO: Current git head hash code: f0517594758d8def592affcc13c17aee3be0631f
2019-07-29 03:16:52, INFO: Using device: cpu
2019-07-29 03:16:52, INFO: Policy: CADRL without occupancy map
2019-07-29 03:16:52, INFO: human number: 5
2019-07-29 03:16:52, INFO: Not randomize human's radius and preferred speed
2019-07-29 03:16:52, INFO: Training simulation: circle_crossing, test simulation: circle_crossing
2019-07-29 03:16:52, INFO: Square width: 10.0, circle width: 4.0
2019-07-29 03:16:52, INFO: Current learning rate: 0.010000
2019-07-29 03:16:52, INFO: TRAIN has success rate: 1.00, collision rate: 0.00, nav time: 9.84, total reward: 0.3912
2019-07-29 03:16:52, INFO: Finish imitation learning. Weights saved.
2019-07-29 03:16:52, INFO: Experience set size: 100/100
2019-07-29 03:16:52, INFO: Agent is invisible and has holonomic kinematic constraint
2019-07-29 03:16:52, INFO: Current learning rate: 0.001000
2019-07-29 03:16:58, INFO: VAL   in episode 0 has success rate: 1.00, collision rate: 0.00, nav time: 10.00, total reward: 0.3636
2019-07-29 03:16:58, INFO: Frequency of being in danger: 0.19 and average min separate distance in danger: 0.13
2019-07-29 03:16:58, INFO: TRAIN in episode 0 has success rate: 0.00, collision rate: 1.00, nav time: 25.00, total reward: -0.1508
2019-07-29 03:16:59, INFO: TRAIN in episode 1 has success rate: 1.00, collision rate: 0.00, nav time: 16.80, total reward: 0.1853
2019-07-29 03:16:59, INFO: TRAIN in episode 2 has success rate: 1.00, collision rate: 0.00, nav time: 9.60, total reward: 0.3454
2019-07-29 03:17:00, INFO: TRAIN in episode 3 has success rate: 1.00, collision rate: 0.00, nav time: 10.40, total reward: 0.3513
2019-07-29 03:17:01, INFO: TRAIN in episode 4 has success rate: 1.00, collision rate: 0.00, nav time: 11.20, total reward: 0.3265
2019-07-29 03:17:01, INFO: TRAIN in episode 5 has success rate: 1.00, collision rate: 0.00, nav time: 8.80, total reward: 0.4305
2019-07-29 03:17:01, INFO: TRAIN in episode 6 has success rate: 0.00, collision rate: 1.00, nav time: 25.00, total reward: -0.1791
2019-07-29 03:17:02, INFO: TRAIN in episode 7 has success rate: 1.00, collision rate: 0.00, nav time: 9.60, total reward: 0.3957
2019-07-29 03:17:03, INFO: TRAIN in episode 8 has success rate: 1.00, collision rate: 0.00, nav time: 10.40, total reward: 0.3351
2019-07-29 03:17:04, INFO: TRAIN in episode 9 has success rate: 1.00, collision rate: 0.00, nav time: 10.40, total reward: 0.3514
2019-07-29 03:17:24, INFO: TEST  in episode 10 has success rate: 0.90, collision rate: 0.10, nav time: 12.04, total reward: 0.2264
2019-07-29 03:17:24, INFO: Frequency of being in danger: 0.27 and average min separate distance in danger: 0.14
2019-07-29 03:17:24, INFO: Current git head hash code: f0517594758d8def592affcc13c17aee3be0631f
2019-07-29 03:17:24, INFO: Using device: cpu
2019-07-29 03:17:24, INFO: Policy: CADRL without occupancy map
2019-07-29 03:17:24, INFO: human number: 5
2019-07-29 03:17:24, INFO: Not randomize human's radius and preferred speed
2019-07-29 03:17:24, INFO: Training simulation: circle_crossing, test simulation: circle_crossing
2019-07-29 03:17:24, INFO: Square width: 10.0, circle width: 4.0
2019-07-29 03:17:24, INFO: Current learning rate: 0.010000
2019-07-29 03:17:24, INFO: TRAIN has success rate: 1.00, collision rate: 0.00, nav time: 9.92, total reward: 0.3900
2019-07-29 03:17:24, INFO: Finish imitation learning. Weights saved.
2019-07-29 03:17:24, INFO: Experience set size: 100/100
2019-07-29 03:17:24, INFO: Agent is invisible and has holonomic kinematic constraint
2019-07-29 03:17:24, INFO: Current learning rate: 0.001000
2019-07-29 03:17:30, INFO: VAL   in episode 0 has success rate: 1.00, collision rate: 0.00, nav time: 10.54, total reward: 0.3441
2019-07-29 03:17:30, INFO: Frequency of being in danger: 0.18 and average min separate distance in danger: 0.13
2019-07-29 03:17:31, INFO: TRAIN in episode 0 has success rate: 1.00, collision rate: 0.00, nav time: 20.40, total reward: 0.1128
2019-07-29 03:17:31, INFO: TRAIN in episode 1 has success rate: 1.00, collision rate: 0.00, nav time: 16.15, total reward: 0.1990
2019-07-29 03:17:32, INFO: TRAIN in episode 2 has success rate: 1.00, collision rate: 0.00, nav time: 18.70, total reward: 0.1275
2019-07-29 03:17:33, INFO: TRAIN in episode 3 has success rate: 1.00, collision rate: 0.00, nav time: 11.05, total reward: 0.3407
2019-07-29 03:17:33, INFO: TRAIN in episode 4 has success rate: 1.00, collision rate: 0.00, nav time: 8.50, total reward: 0.4426
2019-07-29 03:17:34, INFO: TRAIN in episode 5 has success rate: 1.00, collision rate: 0.00, nav time: 9.35, total reward: 0.3776
2019-07-29 03:17:34, INFO: TRAIN in episode 6 has success rate: 1.00, collision rate: 0.00, nav time: 9.35, total reward: 0.3885
2019-07-29 03:17:35, INFO: TRAIN in episode 7 has success rate: 1.00, collision rate: 0.00, nav time: 8.50, total reward: 0.4466
2019-07-29 03:17:36, INFO: TRAIN in episode 8 has success rate: 1.00, collision rate: 0.00, nav time: 10.20, total reward: 0.3568
2019-07-29 03:17:36, INFO: TRAIN in episode 9 has success rate: 0.00, collision rate: 1.00, nav time: 25.00, total reward: -0.1264
2019-07-29 03:17:56, INFO: TEST  in episode 10 has success rate: 1.00, collision rate: 0.00, nav time: 11.56, total reward: 0.2801
2019-07-29 03:17:56, INFO: Frequency of being in danger: 0.31 and average min separate distance in danger: 0.13
2019-07-29 03:17:56, INFO: Current git head hash code: f0517594758d8def592affcc13c17aee3be0631f
2019-07-29 03:17:56, INFO: Using device: cpu
2019-07-29 03:17:56, INFO: Policy: CADRL without occupancy map
2019-07-29 03:17:56, INFO: human number: 5
2019-07-29 03:17:56, INFO: Not randomize human's radius and preferred speed
2019-07-29 03:17:56, INFO: Training simulation: circle_crossing, test simulation: circle_crossing
2019-07-29 03:17:56, INFO: Square width: 10.0, circle width: 4.0
2019-07-29 03:17:56, INFO: Current learning rate: 0.010000
2019-07-29 03:17:56, INFO: TRAIN has success rate: 1.00, collision rate: 0.00, nav time: 10.05, total reward: 0.3865
2019-07-29 03:17:56, INFO: Finish imitation learning. Weights saved.
2019-07-29 03:17:56, INFO: Experience set size: 100/100
2019-07-29 03:17:56, INFO: Agent is invisible and has holonomic kinematic constraint
2019-07-29 03:17:56, INFO: Current learning rate: 0.001000
2019-07-29 03:18:02, INFO: VAL   in episode 0 has success rate: 1.00, collision rate: 0.00, nav time: 10.62, total reward: 0.3500
2019-07-29 03:18:02, INFO: Frequency of being in danger: 0.16 and average min separate distance in danger: 0.16
2019-07-29 03:18:02, INFO: TRAIN in episode 0 has success rate: 1.00, collision rate: 0.00, nav time: 20.70, total reward: 0.1242
2019-07-29 03:18:03, INFO: TRAIN in episode 1 has success rate: 1.00, collision rate: 0.00, nav time: 15.30, total reward: 0.1931
2019-07-29 03:18:04, INFO: TRAIN in episode 2 has success rate: 1.00, collision rate: 0.00, nav time: 11.70, total reward: 0.2384
2019-07-29 03:18:04, INFO: TRAIN in episode 3 has success rate: 1.00, collision rate: 0.00, nav time: 11.70, total reward: 0.2941
2019-07-29 03:18:05, INFO: TRAIN in episode 4 has success rate: 1.00, collision rate: 0.00, nav time: 9.00, total reward: 0.4214
2019-07-29 03:18:06, INFO: TRAIN in episode 5 has success rate: 1.00, collision rate: 0.00, nav time: 9.00, total reward: 0.4141
2019-07-29 03:18:06, INFO: TRAIN in episode 6 has success rate: 1.00, collision rate: 0.00, nav time: 9.00, total reward: 0.3900
2019-07-29 03:18:07, INFO: TRAIN in episode 7 has success rate: 1.00, collision rate: 0.00, nav time: 9.00, total reward: 0.4255
2019-07-29 03:18:07, INFO: TRAIN in episode 8 has success rate: 1.00, collision rate: 0.00, nav time: 11.70, total reward: 0.2417
2019-07-29 03:18:08, INFO: TRAIN in episode 9 has success rate: 1.00, collision rate: 0.00, nav time: 11.70, total reward: 0.2651
2019-07-29 03:18:25, INFO: TEST  in episode 10 has success rate: 0.95, collision rate: 0.05, nav time: 10.85, total reward: 0.2871
2019-07-29 03:18:25, INFO: Frequency of being in danger: 0.29 and average min separate distance in danger: 0.15
2019-07-29 03:18:25, INFO: Current git head hash code: f0517594758d8def592affcc13c17aee3be0631f
2019-07-29 03:18:25, INFO: Using device: cpu
2019-07-29 03:18:25, INFO: Policy: CADRL without occupancy map
2019-07-29 03:18:25, INFO: human number: 5
2019-07-29 03:18:25, INFO: Not randomize human's radius and preferred speed
2019-07-29 03:18:25, INFO: Training simulation: circle_crossing, test simulation: circle_crossing
2019-07-29 03:18:25, INFO: Square width: 10.0, circle width: 4.0
2019-07-29 03:18:25, INFO: Current learning rate: 0.010000
2019-07-29 03:18:25, INFO: TRAIN has success rate: 1.00, collision rate: 0.00, nav time: 10.04, total reward: 0.3874
2019-07-29 03:18:26, INFO: Finish imitation learning. Weights saved.
2019-07-29 03:18:26, INFO: Experience set size: 100/100
2019-07-29 03:18:26, INFO: Agent is invisible and has holonomic kinematic constraint
2019-07-29 03:18:26, INFO: Current learning rate: 0.001000
2019-07-29 03:18:30, INFO: VAL   in episode 0 has success rate: 1.00, collision rate: 0.00, nav time: 9.69, total reward: 0.3961
2019-07-29 03:18:31, INFO: Frequency of being in danger: 0.13 and average min separate distance in danger: 0.18
2019-07-29 03:18:31, INFO: TRAIN in episode 0 has success rate: 1.00, collision rate: 0.00, nav time: 19.95, total reward: 0.1351
2019-07-29 03:18:31, INFO: TRAIN in episode 1 has success rate: 0.00, collision rate: 1.00, nav time: 25.00, total reward: -0.1241
2019-07-29 03:18:32, INFO: TRAIN in episode 2 has success rate: 1.00, collision rate: 0.00, nav time: 9.50, total reward: 0.4062
2019-07-29 03:18:32, INFO: TRAIN in episode 3 has success rate: 1.00, collision rate: 0.00, nav time: 11.40, total reward: 0.3293
2019-07-29 03:18:33, INFO: TRAIN in episode 4 has success rate: 1.00, collision rate: 0.00, nav time: 10.45, total reward: 0.3585
2019-07-29 03:18:34, INFO: TRAIN in episode 5 has success rate: 1.00, collision rate: 0.00, nav time: 8.55, total reward: 0.4327
2019-07-29 03:18:34, INFO: TRAIN in episode 6 has success rate: 1.00, collision rate: 0.00, nav time: 9.50, total reward: 0.3853
2019-07-29 03:18:35, INFO: TRAIN in episode 7 has success rate: 1.00, collision rate: 0.00, nav time: 9.50, total reward: 0.4062
2019-07-29 03:18:36, INFO: TRAIN in episode 8 has success rate: 1.00, collision rate: 0.00, nav time: 10.45, total reward: 0.3675
2019-07-29 03:18:36, INFO: TRAIN in episode 9 has success rate: 1.00, collision rate: 0.00, nav time: 9.50, total reward: 0.3783
2019-07-29 03:18:51, INFO: TEST  in episode 10 has success rate: 0.70, collision rate: 0.30, nav time: 10.99, total reward: 0.1639
2019-07-29 03:18:51, INFO: Frequency of being in danger: 0.19 and average min separate distance in danger: 0.13
2019-07-29 03:18:51, WARNING: No handles with labels found to put in legend.
2019-07-29 03:18:51, WARNING: No handles with labels found to put in legend.
2019-07-29 03:18:51, WARNING: No handles with labels found to put in legend.
2019-07-29 03:18:51, WARNING: No handles with labels found to put in legend.
2019-07-29 03:18:51, WARNING: No handles with labels found to put in legend.
2019-07-29 03:18:51, WARNING: No handles with labels found to put in legend.
2019-07-29 03:18:51, WARNING: No handles with labels found to put in legend.
2019-07-29 03:18:51, WARNING: No handles with labels found to put in legend.
